-0.946384 -1.11742
-1.97829 -2.14932
-3.01019 -3.18122
-4.04209 -4.21312
-5.07399 -5.24502
-6.10589 -6.27692
-7.13779 -7.30883
-8.32632 -8.49735
-9.67612 -9.84715
-11.0259 -11.197
-12.3757 -12.5468
-13.7255 -13.8966
-15.0753 -15.2464
-16.4251 -16.5962
-17.7749 -17.946
-19.1247 -19.2958
-20.4745 -20.6456
-21.8243 -21.9954
-23.1741 -23.3452
-24.5239 -24.695
-25.8737 -26.0448
-27.2235 -27.3946
-28.5733 -28.7444
-29.9231 -30.0942
-31.2729 -31.444
-32.6227 -32.7938
-33.9725 -34.1436
-35.3223 -35.4934
-36.6721 -36.8432
-38.0219 -38.193
-39.3717 -39.5428
-40.7215 -40.8926
-42.0713 -42.2424
-43.4211 -43.5922
-44.7709 -44.942
-46.1207 -46.2918
-47.4705 -47.6416
-48.8203 -48.9914
-50.1701 -50.3412
-51.5199 -51.691
-52.8697 -53.0408
-54.2195 -54.3906
-55.5693 -55.7404
-56.9191 -57.0902
-58.2689 -58.44
-59.6187 -59.7898
-60.9685 -61.1396
-62.3183 -62.4894
-63.6681 -63.8392
-65.0179 -65.189
-66.3677 -66.5388
-67.7175 -67.8886
-69.0673 -69.2384
-70.4171 -70.5882
-71.7669 -71.938
-73.1167 -73.2878
-74.4665 -74.6376
-75.8163 -75.9874
-77.1661 -77.3372
-78.5159 -78.687
-79.8657 -80.0368
-81.2155 -81.3866
-82.5653 -82.7364
-83.9151 -84.0862
-85.2649 -85.436
-86.6147 -86.7858
-87.9645 -88.1356
-89.3143 -89.4854
-90.6641 -90.8352
-92.0139 -92.185
-93.3637 -93.5348
-94.7135 -94.8846
-96.0633 -96.2344
-97.4131 -97.5842
-98.7629 -98.934
-100.113 -100.284
-101.463 -101.634
-102.812 -102.983
-104.162 -104.333
-105.512 -105.683
-106.862 -107.033
-108.212 -108.383
-109.561 -109.732
-110.911 -111.082
-112.261 -112.432
-113.611 -113.782
-114.961 -115.132
-116.31 -116.481
-117.66 -117.831
-119.01 -119.181
-120.36 -120.531
-121.71 -121.881
-123.059 -123.23
-124.409 -124.58
-125.759 -125.93
-127.109 -127.28
-128.459 -128.63
-129.808 -129.979
-131.158 -131.329
-132.508 -132.679
-133.858 -134.029
-135.208 -135.379
-136.557 -136.728
-137.907 -138.078
-139.257 -139.428
-140.607 -140.778
-141.957 -142.128
-143.306 -143.477
-144.656 -144.827
-146.006 -146.177
-147.356 -147.527
-148.706 -148.877
-150.055 -150.226
-151.405 -151.576
-152.755 -152.926
-154.105 -154.276
-155.455 -155.626
-156.213 -156.306
-156.589 -156.683
-156.966 -157.059
-157.342 -157.435
-157.719 -157.812
-158.034 -158.036
-158.047 -158.049
-158.06 -158.062
-158.073 -158.075
-158.087 -158.088
-158.1 -158.101
-158.113 -158.114
-158.126 -158.128
-158.139 -158.141
-158.152 -158.154
-158.165 -158.167
-158.179 -158.18
-158.192 -158.193
-158.205 -158.206
-158.218 -158.22
-158.231 -158.233
-158.244 -158.246
-158.257 -158.259
-158.271 -158.272
-158.284 -158.285
-158.297 -158.298
-158.31 -158.312
-158.323 -158.325
-158.336 -158.338
-158.349 -158.351
-158.363 -158.364
-158.376 -158.377
-158.389 -158.39
-158.402 -158.404
-158.415 -158.417
-158.428 -158.43
-158.441 -158.443
-158.455 -158.456
-158.468 -158.469
-158.481 -158.482
-158.494 -158.496
-158.507 -158.509
-158.52 -158.522
-158.533 -158.535
-158.547 -158.548
-158.56 -158.561
-158.573 -158.574
-158.586 -158.588
-158.599 -158.601
-158.612 -158.614
-158.625 -158.627
-158.639 -158.64
-158.652 -158.653
-158.665 -158.666
-158.678 -158.68
-158.691 -158.693
-158.704 -158.706
-158.717 -158.719
-158.731 -158.732
-158.744 -158.745
-158.757 -158.758
-158.77 -158.772
-158.783 -158.785
-158.796 -158.798
-158.809 -158.811
-158.823 -158.824
-158.836 -158.837
-158.849 -158.85
-158.862 -158.864
-158.875 -158.877
-158.888 -158.89
-158.901 -158.903
-158.915 -158.916
-158.928 -158.929
-158.941 -158.942
-158.954 -158.956
-158.967 -158.969
-158.98 -158.982
-158.993 -158.995
-159.007 -159.008
-159.02 -159.021
-159.033 -159.034
-159.046 -159.048
-159.059 -159.061
-159.072 -159.074
-159.085 -159.087
-159.099 -159.1
-159.112 -159.113
-159.125 -159.126
-159.138 -159.14
-159.151 -159.153
-159.164 -159.166
-159.177 -159.179
-159.191 -159.192
-159.204 -159.205
-159.217 -159.218
-159.23 -159.232
-159.243 -159.245
-159.256 -159.258
-159.269 -159.271
-159.283 -159.284
-159.296 -159.297
-159.309 -159.31
-159.322 -159.324
-159.335 -159.337
-159.348 -159.35
-159.361 -159.363
-159.375 -159.376
-159.388 -159.389
-159.401 -159.402
-159.414 -159.416
-159.427 -159.429
-159.44 -159.442
-159.453 -159.455
-159.466 -159.468
-159.48 -159.481
-159.493 -159.494
-159.506 -159.508
-159.519 -159.521
-159.532 -159.534
-159.545 -159.547
-159.558 -159.56
-159.572 -159.573
-159.585 -159.586
-159.598 -159.6
-159.611 -159.613
-159.624 -159.626
-159.637 -159.639
-159.65 -159.652
-159.664 -159.665
-159.677 -159.678
-159.69 -159.692
-159.703 -159.705
-159.716 -159.718
-159.729 -159.731
-159.742 -159.744
-159.756 -159.757
-159.769 -159.77
-159.782 -159.784
-159.795 -159.797
-159.808 -159.81
-159.821 -159.823
-159.834 -159.836
-159.848 -159.849
-159.861 -159.862
-159.874 -159.876
-159.887 -159.889
-159.9 -159.902
-159.913 -159.915
-159.926 -159.928
-159.94 -159.941
-159.953 -159.954
-159.966 -159.968
-159.979 -159.981
-159.992 -159.994
-160.005 -160.007
-160.018 -160.02
-160.032 -160.033
-160.045 -160.046
-160.058 -160.06
-160.071 -160.073
-160.084 -160.086
-160.097 -160.099
-160.11 -160.112
-160.124 -160.125
-160.137 -160.138
-160.15 -160.152
-160.163 -160.165
-160.176 -160.178
-160.189 -160.191
-160.202 -160.204
-160.216 -160.217
-160.229 -160.23
-160.242 -160.244
-160.255 -160.257
-160.268 -160.27
-160.281 -160.283
-160.294 -160.296
-160.308 -160.309
-160.321 -160.322
-160.334 -160.336
-160.347 -160.349
-160.36 -160.362
-160.373 -160.375
-160.386 -160.388
-160.4 -160.401
-160.413 -160.414
-160.426 -160.428
-160.439 -160.441
-160.452 -160.454
-160.465 -160.467
-160.478 -160.48
-160.492 -160.493
-160.505 -160.506
-160.518 -160.52
-160.531 -160.533
-160.544 -160.546
-160.557 -160.559
-160.57 -160.572
-160.584 -160.585
-160.597 -160.598
-160.61 -160.612
-160.623 -160.625
-160.636 -160.638
-160.649 -160.651
-160.662 -160.664
-160.676 -160.677
-160.689 -160.69
-160.702 -160.704
-160.715 -160.717
-160.728 -160.73
-160.741 -160.743
-160.754 -160.756
-160.768 -160.769
-160.781 -160.782
-160.794 -160.796
-160.807 -160.809
-160.82 -160.822
-160.833 -160.835
-160.846 -160.848
-160.86 -160.861
-160.873 -160.874
-160.886 -160.888
-160.899 -160.901
-160.912 -160.914
-160.925 -160.927
-160.938 -160.94
-160.952 -160.953
-160.965 -160.966
-160.978 -160.98
-160.991 -160.993
-161.004 -161.006
-161.017 -161.019
-161.03 -161.032
-161.044 -161.045
-161.057 -161.058
-161.07 -161.072
-161.083 -161.085
-161.096 -161.098
-161.109 -161.111
-161.122 -161.124
-161.136 -161.137
-161.149 -161.15
-161.162 -161.164
-161.175 -161.177
-161.188 -161.19
-161.201 -161.203
-161.214 -161.216
-161.228 -161.229
-161.241 -161.242
-161.254 -161.256
-161.267 -161.269
-161.28 -161.282
-161.293 -161.295
-161.306 -161.308
-161.32 -161.321
-161.333 -161.334
-161.346 -161.348
-161.359 -161.361
-161.372 -161.374
-161.385 -161.387
-161.398 -161.4
-161.412 -161.413
-161.425 -161.426
-161.438 -161.44
-161.451 -161.453
-161.464 -161.466
-161.477 -161.479
-161.49 -161.492
-161.504 -161.505
-161.517 -161.518
-161.53 -161.532
-161.543 -161.545
-161.556 -161.558
-161.569 -161.571
-161.582 -161.584
-161.596 -161.597
-161.609 -161.61
-161.622 -161.624
-161.635 -161.637
-161.648 -161.65
-161.661 -161.663
-161.674 -161.676
-161.688 -161.689
-161.701 -161.702
-161.714 -161.716
-161.727 -161.729
-161.74 -161.742
-161.753 -161.755
-161.766 -161.768
-161.78 -161.781
-161.793 -161.794
-161.806 -161.808
-161.819 -161.821
-161.832 -161.834
-161.845 -161.847
-161.858 -161.86
-161.872 -161.873
-161.885 -161.886
-161.898 -161.9
-161.911 -161.913
-161.924 -161.926
-161.937 -161.939
-161.95 -161.952
-161.964 -161.965
-161.977 -161.978
-161.99 -161.992
-162.003 -162.005
-162.016 -162.018
-162.029 -162.031
-162.042 -162.044
-162.056 -162.057
-162.069 -162.07
-162.082 -162.084
-162.095 -162.097
-162.108 -162.11
-162.121 -162.123
-162.134 -162.136
-162.148 -162.149
-162.161 -162.162
-162.174 -162.176
-162.187 -162.189
-162.2 -162.202
-162.213 -162.215
-162.226 -162.228
-162.24 -162.241
-162.253 -162.254
-162.266 -162.268
-162.279 -162.281
-162.292 -162.294
-162.305 -162.307
-162.318 -162.32
-162.332 -162.333
-162.345 -162.346
-162.358 -162.36
-162.371 -162.373
-162.384 -162.386
-162.397 -162.399
-162.41 -162.412
-162.424 -162.425
-162.437 -162.438
-162.45 -162.452
-162.463 -162.465
-162.476 -162.478
-162.489 -162.491
-162.502 -162.504
-162.516 -162.517
-162.529 -162.53
-162.542 -162.544
-162.555 -162.557
-162.568 -162.57
-162.581 -162.583
-162.594 -162.596
-162.608 -162.609
-162.621 -162.622
-162.634 -162.636
-162.647 -162.649
-162.66 -162.662
-162.673 -162.675
-162.686 -162.688
-162.7 -162.701
-162.713 -162.714
-162.726 -162.728
-162.739 -162.741
-162.752 -162.754
-162.765 -162.767
-162.778 -162.78
-162.792 -162.793
-162.805 -162.806
-162.818 -162.82
-162.831 -162.833
-162.844 -162.846
-162.857 -162.859
-162.87 -162.872
-162.884 -162.885
-162.897 -162.898
-162.91 -162.912
-162.923 -162.925
-162.936 -162.938
-162.949 -162.951
-162.962 -162.964
-162.976 -162.977
-162.989 -162.99
-163.002 -163.004
-163.015 -163.017
-163.028 -163.03
-163.041 -163.043
-163.054 -163.056
-163.068 -163.069
-163.081 -163.082
-163.094 -163.096
-163.107 -163.109
-163.12 -163.122
-163.133 -163.135
-163.146 -163.148
-163.16 -163.161
-163.173 -163.174
-163.186 -163.188
-163.2 -163.201
-163.213 -163.215
-163.227 -163.228
-163.24 -163.242
-163.253 -163.255
-163.267 -163.268
-163.28 -163.282
-163.294 -163.295
-163.307 -163.309
-163.321 -163.322
-163.334 -163.336
-163.347 -163.349
-163.361 -163.362
-163.374 -163.376
-163.388 -163.389
-163.401 -163.403
-163.414 -163.416
-163.428 -163.43
-163.441 -163.443
-163.455 -163.456
-163.468 -163.47
-163.482 -163.483
-163.495 -163.497
-163.508 -163.51
-163.522 -163.524
-163.535 -163.537
-163.549 -163.55
-163.562 -163.564
-163.576 -163.577
-163.589 -163.591
-163.602 -163.604
-163.616 -163.618
-163.629 -163.631
-163.643 -163.644
-163.656 -163.658
-163.67 -163.671
-163.683 -163.685
-163.696 -163.698
-163.71 -163.711
-163.723 -163.725
-163.737 -163.738
-163.75 -163.752
-163.764 -163.765
-163.777 -163.779
-163.79 -163.792
-163.804 -163.805
-163.817 -163.819
-163.831 -163.832
-163.844 -163.846
-163.858 -163.859
-163.871 -163.873
-163.884 -163.886
-163.898 -163.899
-163.911 -163.913
-163.925 -163.926
-163.938 -163.94
-163.951 -163.953
-163.965 -163.966
-163.978 -163.98
-163.991 -163.993
-164.004 -164.006
-164.017 -164.019
-164.031 -164.032
-164.044 -164.045
-164.057 -164.059
-164.07 -164.072
-164.083 -164.085
-164.096 -164.098
-164.109 -164.111
-164.123 -164.124
-164.136 -164.137
-164.149 -164.151
-164.162 -164.164
-164.175 -164.177
-164.188 -164.19
-164.202 -164.203
-164.215 -164.216
-164.228 -164.229
-164.241 -164.243
-164.254 -164.256
-164.267 -164.269
-164.28 -164.282
-164.294 -164.295
-164.307 -164.308
-164.32 -164.321
-164.333 -164.335
-164.346 -164.348
-164.359 -164.361
-164.372 -164.374
-164.386 -164.387
-164.399 -164.4
-164.412 -164.414
-164.425 -164.427
-164.438 -164.44
-164.451 -164.453
-164.464 -164.466
-164.478 -164.479
-164.491 -164.492
-164.504 -164.506
-164.517 -164.519
-164.53 -164.532
-164.543 -164.545
-164.556 -164.558
-164.57 -164.571
-164.583 -164.584
-164.596 -164.598
-164.609 -164.611
-164.622 -164.624
-164.635 -164.637
-164.649 -164.65
-164.662 -164.663
-164.675 -164.676
-164.688 -164.69
-164.701 -164.703
-164.714 -164.716
-164.727 -164.729
-164.741 -164.742
-164.754 -164.755
-164.767 -164.768
-164.78 -164.782
-164.793 -164.795
-164.806 -164.808
-164.819 -164.821
-164.833 -164.834
-164.846 -164.847
-164.859 -164.861
-164.872 -164.874
-164.885 -164.887
-164.898 -164.9
-164.911 -164.913
-164.925 -164.926
-164.938 -164.939
-164.951 -164.953
-164.964 -164.966
-164.977 -164.979
-164.99 -164.992
-165.004 -165.005
-165.017 -165.018
-165.03 -165.031
-165.043 -165.045
-165.056 -165.058
-165.069 -165.071
-165.082 -165.084
-165.096 -165.097
-165.109 -165.11
-165.122 -165.123
-165.135 -165.137
-165.148 -165.15
-165.161 -165.163
-165.174 -165.176
-165.188 -165.189
-165.201 -165.202
-165.214 -165.216
-165.227 -165.229
-165.24 -165.242
-165.253 -165.255
-165.266 -165.268
-165.28 -165.281
-165.293 -165.294
-165.306 -165.308
-165.319 -165.321
-165.332 -165.334
-165.345 -165.347
-165.358 -165.36
-165.372 -165.373
-165.385 -165.386
-165.398 -165.4
-165.411 -165.413
-165.424 -165.426
-165.437 -165.439
-165.451 -165.452
-165.464 -165.465
-165.477 -165.478
-165.49 -165.492
-165.503 -165.505
-165.516 -165.518
-165.529 -165.531
-165.543 -165.544
-165.556 -165.557
-165.569 -165.57
-165.582 -165.584
-165.595 -165.597
-165.608 -165.61
-165.621 -165.623
-165.635 -165.636
-165.648 -165.649
-165.661 -165.663
-165.674 -165.676
-165.687 -165.689
-165.7 -165.702
-165.713 -165.715
-165.727 -165.728
-165.74 -165.741
-165.753 -165.755
-165.766 -165.768
-165.779 -165.781
-165.792 -165.794
-165.805 -165.807
-165.819 -165.82
-165.832 -165.833
-165.845 -165.847
-165.858 -165.86
-165.871 -165.873
-165.884 -165.886
-165.898 -165.899
-165.911 -165.912
-165.924 -165.925
-165.937 -165.939
-165.95 -165.952
-165.963 -165.965
-165.976 -165.978
-165.99 -165.991
-166.003 -166.004
-166.016 -166.017
-166.029 -166.031
-166.042 -166.044
-166.055 -166.057
-166.068 -166.07
-166.082 -166.083
-166.095 -166.096
-166.108 -166.11
-166.121 -166.123
-166.134 -166.136
-166.147 -166.149
-166.16 -166.162
-166.174 -166.175
-166.187 -166.188
-166.2 -166.202
-166.213 -166.215
-166.226 -166.228
-166.239 -166.241
-166.253 -166.254
-166.266 -166.267
-166.279 -166.28
-166.292 -166.294
-166.305 -166.307
-166.318 -166.32
-166.331 -166.333
-166.345 -166.346
-166.358 -166.359
-166.371 -166.372
-166.384 -166.386
-166.397 -166.399
-166.41 -166.412
-166.423 -166.425
-166.437 -166.438
-166.45 -166.451
-166.463 -166.465
-166.476 -166.478
-166.489 -166.491
-166.502 -166.504
-166.515 -166.517
-166.529 -166.53
-166.542 -166.543
-166.555 -166.557
-166.568 -166.57
-166.581 -166.583
-166.594 -166.596
-166.607 -166.609
-166.621 -166.622
-166.634 -166.635
-166.647 -166.649
-166.66 -166.662
-166.673 -166.675
-166.686 -166.688
-166.7 -166.701
-166.713 -166.714
-166.726 -166.727
-166.739 -166.741
-166.752 -166.754
-166.765 -166.767
-166.778 -166.78
-166.792 -166.793
-166.805 -166.806
-166.818 -166.819
-166.831 -166.833
-166.844 -166.846
-166.857 -166.859
-166.87 -166.872
-166.884 -166.885
-166.897 -166.898
-166.91 -166.912
-166.923 -166.925
-166.936 -166.938
-166.949 -166.951
-166.962 -166.964
-166.976 -166.977
-166.989 -166.99
-167.002 -167.004
-167.015 -167.017
-167.028 -167.03
-167.041 -167.043
-167.055 -167.056
-167.068 -167.069
-167.081 -167.082
-167.094 -167.096
-167.107 -167.109
-167.12 -167.122
-167.133 -167.135
-167.147 -167.148
-167.16 -167.161
-167.173 -167.174
-167.186 -167.188
-167.199 -167.201
-167.212 -167.214
-167.225 -167.227
-167.239 -167.24
-167.252 -167.253
-167.265 -167.267
-167.278 -167.28
-167.291 -167.293
-167.304 -167.306
-167.317 -167.319
-167.331 -167.332
-167.344 -167.345
-167.357 -167.359
-167.37 -167.372
-167.383 -167.385
-167.396 -167.398
-167.409 -167.411
-167.423 -167.424
-167.436 -167.437
-167.449 -167.451
-167.462 -167.464
-167.475 -167.477
-167.488 -167.49
-167.502 -167.503
-167.515 -167.516
-167.528 -167.529
-167.541 -167.543
-167.554 -167.556
-167.567 -167.569
-167.58 -167.582
-167.594 -167.595
-167.607 -167.608
-167.62 -167.621
-167.633 -167.635
-167.646 -167.648
-167.659 -167.661
-167.672 -167.674
-167.686 -167.687
-167.699 -167.7
-167.712 -167.714
-167.725 -167.727
-167.738 -167.74
-167.751 -167.753
-167.764 -167.766
-167.778 -167.779
-167.791 -167.792
-167.804 -167.806
-167.817 -167.819
-167.83 -167.832
-167.843 -167.845
-167.856 -167.858
-167.87 -167.871
-167.883 -167.884
-167.896 -167.898
-167.909 -167.911
-167.922 -167.924
-167.935 -167.937
-167.949 -167.95
-167.962 -167.963
-167.975 -167.976
-167.988 -167.99
-168.001 -168.003
-168.014 -168.016
-168.027 -168.029
-168.041 -168.042
-168.054 -168.055
-168.067 -168.068
-168.08 -168.082
-168.093 -168.095
-168.106 -168.108
-168.119 -168.121
-168.133 -168.134
-168.146 -168.147
-168.159 -168.161
-168.172 -168.174
-168.185 -168.187
-168.198 -168.2
-168.211 -168.213
-168.225 -168.226
-168.238 -168.239
-168.251 -168.253
-168.264 -168.266
-168.277 -168.279
-168.29 -168.292
-168.304 -168.305
-168.317 -168.318
-168.33 -168.331
-168.343 -168.345
-168.356 -168.358
-168.369 -168.371
-168.382 -168.384
-168.396 -168.397
-168.409 -168.41
-168.422 -168.423
-168.435 -168.437
-168.448 -168.45
-168.461 -168.463
-168.474 -168.476
-168.488 -168.489
-168.501 -168.502
-168.514 -168.516
-168.527 -168.529
-168.54 -168.542
-168.553 -168.555
-168.566 -168.568
-168.58 -168.581
-168.593 -168.594
-168.606 -168.608
-168.619 -168.621
-168.632 -168.634
-168.645 -168.647
-168.658 -168.66
-168.672 -168.673
-168.685 -168.686
-168.698 -168.7
-168.711 -168.713
-168.724 -168.726
-168.737 -168.739
-168.751 -168.752
-168.764 -168.765
-168.777 -168.778
-168.79 -168.792
-168.803 -168.805
-168.816 -168.818
-168.829 -168.831
-168.843 -168.844
-168.856 -168.857
-168.869 -168.87
-168.882 -168.884
-168.895 -168.897
-168.908 -168.91
-168.921 -168.923
-168.935 -168.936
-168.948 -168.949
-168.961 -168.963
-168.974 -168.976
-168.987 -168.989
-169 -169.002
-169.013 -169.015
-169.027 -169.028
-169.04 -169.041
-169.053 -169.055
-169.066 -169.068
-169.079 -169.081
-169.092 -169.094
-169.106 -169.107
-169.119 -169.12
-169.132 -169.133
-169.145 -169.147
-169.158 -169.16
-169.171 -169.173
-169.184 -169.186
-169.198 -169.199
-169.211 -169.212
-169.224 -169.225
-169.237 -169.239
-169.25 -169.252
-169.263 -169.265
-169.276 -169.278
-169.29 -169.291
-169.303 -169.304
-169.316 -169.318
-169.329 -169.331
-169.342 -169.344
-169.355 -169.357
-169.368 -169.37
-169.382 -169.383
-169.395 -169.396
-169.408 -169.41
-169.421 -169.423
-169.434 -169.436
-169.447 -169.449
-169.46 -169.462
-169.474 -169.475
-169.487 -169.488
-169.5 -169.502
-169.513 -169.515
-169.526 -169.528
-169.539 -169.541
-169.553 -169.554
-169.566 -169.567
-169.579 -169.58
-169.592 -169.594
-169.605 -169.607
-169.618 -169.62
-169.631 -169.633
-169.645 -169.646
-169.658 -169.659
-169.671 -169.672
-169.684 -169.686
-169.697 -169.699
-169.71 -169.712
-169.723 -169.725
-169.737 -169.738
-169.75 -169.751
-169.763 -169.765
-169.776 -169.778
-169.789 -169.791
-169.802 -169.804
-169.815 -169.817
-169.829 -169.83
-169.842 -169.843
-169.855 -169.857
-169.868 -169.87
-169.881 -169.883
-169.894 -169.896
-169.907 -169.909
-169.921 -169.922
-169.934 -169.935
-169.947 -169.949
-169.96 -169.962
-169.973 -169.975
-169.986 -169.988
-170 -170.001
-170.013 -170.014
-170.026 -170.027
-170.039 -170.041
-170.052 -170.054
-170.065 -170.067
-170.078 -170.08
-170.092 -170.093
-170.105 -170.106
-170.118 -170.119
-170.131 -170.133
-170.144 -170.146
-170.157 -170.159
-170.17 -170.172
-170.184 -170.185
-170.197 -170.198
-170.21 -170.212
-170.223 -170.225
-170.236 -170.238
-170.249 -170.251
-170.262 -170.264
-170.276 -170.277
-170.289 -170.29
-170.302 -170.304
-170.315 -170.317
-170.328 -170.33
-170.341 -170.343
-170.355 -170.356
-170.368 -170.369
-170.381 -170.382
-170.394 -170.396
-170.407 -170.409
-170.42 -170.422
-170.433 -170.435
-170.447 -170.448
-170.46 -170.461
-170.473 -170.474
-170.486 -170.488
-170.499 -170.501
-170.512 -170.514
-170.525 -170.527
-170.539 -170.54
-170.552 -170.553
-170.565 -170.567
-170.578 -170.58
-170.591 -170.593
-170.604 -170.606
-170.617 -170.619
-170.631 -170.632
-170.644 -170.645
-170.657 -170.659
-170.67 -170.672
-170.683 -170.685
-170.696 -170.698
-170.709 -170.711
-170.723 -170.724
-170.736 -170.737
-170.749 -170.751
-170.762 -170.764
-170.775 -170.777
-170.788 -170.79
-170.802 -170.803
-170.815 -170.816
-170.828 -170.829
-170.841 -170.843
-170.854 -170.856
-170.867 -170.869
-170.88 -170.882
-170.894 -170.895
-170.907 -170.908
-170.92 -170.921
-170.933 -170.935
-170.946 -170.948
-170.959 -170.961
-170.972 -170.974
-170.986 -170.987
-170.999 -171
-171.012 -171.014
-171.025 -171.027
-171.038 -171.04
-171.051 -171.053
-171.064 -171.066
-171.078 -171.079
-171.091 -171.092
-171.104 -171.106
-171.117 -171.119
-171.13 -171.132
-171.143 -171.145
-171.157 -171.158
-171.17 -171.171
-171.183 -171.184
-171.196 -171.198
-171.209 -171.211
-171.222 -171.224
-171.235 -171.237
-171.249 -171.25
-171.262 -171.263
-171.275 -171.276
-171.288 -171.29
-171.301 -171.303
-171.314 -171.316
-171.327 -171.329
-171.341 -171.342
-171.354 -171.355
-171.367 -171.369
-171.38 -171.382
-171.393 -171.395
-171.406 -171.408
-171.419 -171.421
-171.433 -171.434
-171.446 -171.447
-171.459 -171.461
-171.472 -171.474
-171.485 -171.487
-171.498 -171.5
-171.511 -171.513
-171.525 -171.526
-171.538 -171.539
-171.551 -171.553
-171.564 -171.566
-171.577 -171.579
-171.59 -171.592
-171.604 -171.605
-171.617 -171.618
-171.63 -171.631
-171.643 -171.645
-171.656 -171.658
-171.669 -171.671
-171.682 -171.684
-171.696 -171.697
-171.709 -171.71
-171.722 -171.723
-171.735 -171.737
-171.748 -171.75
-171.761 -171.763
-171.774 -171.776
-171.788 -171.789
-171.801 -171.802
-171.814 -171.816
-171.827 -171.829
-171.84 -171.842
-171.853 -171.855
-171.866 -171.868
-171.88 -171.881
-171.893 -171.894
-171.906 -171.908
-171.919 -171.921
-171.932 -171.934
-171.945 -171.947
-171.958 -171.96
-171.972 -171.973
-171.985 -171.986
-171.998 -172
-172.011 -172.013
-172.024 -172.026
-172.037 -172.039
-172.051 -172.052
-172.064 -172.065
-172.077 -172.078
-172.09 -172.092
-172.103 -172.105
-172.116 -172.118
-172.129 -172.131
-172.143 -172.144
-172.156 -172.157
-172.169 -172.17
-172.182 -172.184
-172.195 -172.197
-172.208 -172.21
-172.221 -172.223
-172.235 -172.236
-172.248 -172.249
-172.261 -172.263
-172.274 -172.276
-172.287 -172.289
-172.3 -172.302
-172.313 -172.315
-172.327 -172.328
-172.34 -172.341
-172.353 -172.355
-172.366 -172.368
-172.379 -172.381
-172.392 -172.394
-172.406 -172.407
-172.419 -172.42
-172.432 -172.433
-172.445 -172.447
-172.458 -172.46
-172.471 -172.473
-172.484 -172.486
-172.498 -172.499
-172.511 -172.512
-172.524 -172.525
-172.537 -172.539
-172.55 -172.552
-172.563 -172.565
-172.576 -172.578
-172.59 -172.591
-172.603 -172.604
-172.616 -172.618
-172.629 -172.631
-172.642 -172.644
-172.655 -172.657
-172.668 -172.67
-172.682 -172.683
-172.695 -172.696
-172.708 -172.71
-172.721 -172.723
-172.734 -172.736
-172.747 -172.749
-172.76 -172.762
-172.774 -172.775
-172.787 -172.788
-172.8 -172.802
-172.813 -172.815
-172.826 -172.828
-172.839 -172.841
-172.853 -172.854
-172.866 -172.867
-172.879 -172.88
-172.892 -172.894
-172.905 -172.907
-172.918 -172.92
-172.931 -172.933
-172.945 -172.946
-172.958 -172.959
-172.971 -172.972
-172.984 -172.986
-172.997 -172.999
-173.01 -173.012
-173.023 -173.025
-173.037 -173.038
-173.05 -173.051
-173.063 -173.065
-173.076 -173.078
-173.089 -173.091
-173.102 -173.104
-173.115 -173.117
-173.129 -173.13
-173.142 -173.143
-173.155 -173.157
-173.168 -173.17
-173.181 -173.183
-173.194 -173.196
-173.208 -173.209
-173.221 -173.222
-173.234 -173.235
-173.247 -173.249
-173.26 -173.262
-173.273 -173.275
-173.286 -173.288
-173.3 -173.301
-173.313 -173.314
-173.326 -173.327
-173.339 -173.341
-173.352 -173.354
-173.365 -173.367
-173.378 -173.38
-173.392 -173.393
-173.405 -173.406
-173.418 -173.42
-173.431 -173.433
-173.444 -173.446
-173.457 -173.459
-173.47 -173.472
-173.484 -173.485
-173.497 -173.498
-173.51 -173.512
-173.523 -173.525
-173.536 -173.538
-173.549 -173.551
-173.562 -173.564
-173.576 -173.577
-173.589 -173.59
-173.602 -173.604
-173.615 -173.617
-173.628 -173.63
-173.641 -173.643
-173.655 -173.656
-173.668 -173.669
-173.681 -173.682
-173.694 -173.696
-173.707 -173.709
-173.72 -173.722
-173.733 -173.735
-173.747 -173.748
-173.76 -173.761
-173.773 -173.774
-173.786 -173.788
-173.799 -173.801
-173.812 -173.814
-173.825 -173.827
-173.839 -173.84
-173.852 -173.853
-172.558 -172.555
-170.063 -170.06
-167.568 -167.566
-165.073 -165.071
-162.578 -162.576
-160.083 -160.081
-157.589 -157.586
-155.094 -155.091
-152.599 -152.597
-150.104 -150.102
-147.609 -147.607
-145.115 -145.112
-142.62 -142.617
-140.125 -140.123
-137.63 -137.628
-135.135 -135.133
-132.64 -132.638
-130.146 -130.143
-127.651 -127.648
-125.156 -125.154
-122.661 -122.659
-120.166 -120.164
-117.671 -117.669
-115.177 -115.174
-112.682 -112.68
-110.187 -110.185
-107.692 -107.69
-105.197 -105.195
-102.703 -102.7
-100.208 -100.205
-97.7129 -97.7106
-95.2181 -95.2158
-92.7233 -92.721
-90.2285 -90.2261
-87.7337 -87.7313
-85.2388 -85.2365
-83.9127 -83.9143
-84.2752 -84.2768
-84.6376 -84.6392
-85.0001 -85.0017
-85.3625 -85.3641
-85.725 -85.7266
-86.0874 -86.089
-86.4498 -86.4515
-86.8123 -86.8139
-87.1747 -87.1764
-87.5372 -87.5388
-87.8996 -87.9013
-88.2621 -88.2637
-88.6245 -88.6261
-88.987 -88.9886
-89.3494 -89.351
-89.7119 -89.7135
-90.0743 -90.0759
-90.4367 -90.4384
-90.7992 -90.8008
-91.1616 -91.1633
-91.5241 -91.5257
-91.8865 -91.8882
-92.249 -92.2506
-92.6114 -92.613
-92.9739 -92.9755
-93.3363 -93.3379
-93.6988 -93.7004
-94.0612 -94.0628
-94.4237 -94.4253
-94.7861 -94.7877
-95.1485 -95.1502
-95.511 -95.5126
-95.8734 -95.8751
-96.2359 -96.2375
-96.5983 -96.5999
-96.9608 -96.9624
-97.3232 -97.3248
-97.6857 -97.6873
-98.0481 -98.0497
-98.4106 -98.4122
-98.773 -98.7746
-99.1354 -99.1371
-99.4979 -99.4995
-99.8603 -99.862
-100.223 -100.224
-100.585 -100.587
-100.948 -100.949
-101.31 -101.312
-101.673 -101.674
-102.035 -102.037
-102.397 -102.399
-102.705 -102.707
-102.711 -102.713
-102.718 -102.72
-102.725 -102.726
-102.731 -102.733
-102.738 -102.739
-102.744 -102.746
-56.6771 -56.1974
-60.0369 -59.5872
-61.1908 -60.7366
-62.5375 -62.0826
-63.8841 -63.4285
-65.2308 -64.7745
-66.5774 -66.1205
-67.924 -67.4665
-69.2707 -68.8124
-70.6173 -70.1584
-71.964 -71.5044
-72.6957 -71.9129
-69.9959 -69.2139
-67.296 -66.5149
-64.5961 -63.816
-61.8962 -61.117
-59.1963 -58.4181
-56.4965 -55.7191
-53.7966 -53.0202
-51.0967 -50.3212
-48.3968 -47.6222
-45.6969 -44.9233
-42.9971 -42.2243
-40.2972 -39.5254
-37.5973 -36.8264
-34.8974 -34.1274
-31.4747 -30.2444
-25.6578 -24.4339
-19.8479 -18.6244
-14.981 -15.0041
-15.3574 -15.3765
-15.7197 -15.7436
-16.0108 -16.03
-16.2808 -16.3021
-16.5509 -16.5742
-16.8209 -16.8463
-17.0909 -17.1183
-17.3609 -17.3904
-17.6309 -17.6625
-17.9009 -17.9345
-18.171 -18.2066
-18.441 -18.4787
-18.711 -18.7508
-18.981 -19.0228
-19.251 -19.2949
-19.5211 -19.567
-19.7911 -19.839
-20.0611 -20.1111
-20.3311 -20.3832
-20.6011 -20.6552
-20.8712 -20.9273
-21.1412 -21.1994
-21.4112 -21.4715
-21.6812 -21.7435
-21.9512 -22.0156
-22.2213 -22.2877
-22.4913 -22.5597
-22.7613 -22.8318
-23.0313 -23.1039
-23.3013 -23.376
-23.5714 -23.648
-23.8414 -23.9201
-24.1114 -24.1922
-24.3814 -24.4642
-24.6514 -24.7363
-24.9215 -25.0084
-25.1915 -25.2805
-25.4615 -25.5525
-25.7315 -25.8246
-26.0015 -26.0967
-26.2716 -26.3687
-26.5416 -26.6408
-26.8116 -26.9129
-27.0816 -27.185
-27.3516 -27.457
-27.6217 -27.7291
-27.8917 -28.0012
-28.1617 -28.2732
-28.4317 -28.5453
-28.7017 -28.8174
-28.9718 -29.0895
-29.2418 -29.3615
-29.5118 -29.6336
-29.7818 -29.9057
-30.0518 -30.1777
-30.3219 -30.4498
-30.5919 -30.7219
-30.8619 -30.994
-31.1319 -31.266
-31.4019 -31.5381
-31.596 -31.596
-31.596 -31.596
-31.596 -31.596
-31.596 -31.596
-31.596 -31.596
-31.596 -31.596
-31.596 -31.596
-31.596 -31.596
-31.596 -31.596
-31.596 -31.596
-31.596 -31.596
-31.596 -31.596
-31.596 -31.596
-31.596 -31.596
-31.596 -31.596
-31.596 -31.596
-31.596 -31.596
-31.596 -31.596
-31.596 -31.596
-31.596 -31.596
-31.596 -31.596
-31.596 -31.596
-31.596 -31.596
-31.596 -31.596
-31.596 -31.596
-31.596 -31.596
-31.596 -31.596
-31.596 -31.596
-31.596 -31.596
-31.596 -31.596
-31.596 -31.596
-31.596 -31.596
-31.596 -31.596
-31.596 -31.596
-31.596 -31.596
-31.596 -31.596
-31.596 -31.596
-31.596 -31.596
-31.596 -31.596
-31.596 -31.596
-31.596 -31.596
-31.596 -31.596
-31.596 -31.596
-31.596 -31.596
-31.596 -31.596
-31.596 -31.596
-31.596 -31.596
-31.596 -31.596
-31.596 -31.596
-31.596 -31.596
-31.596 -31.596
-31.596 -31.596
-31.596 -31.596
-31.596 -31.596
-31.596 -31.596
-31.596 -31.596
-31.596 -31.596
-31.596 -31.596
-31.596 -31.596
-31.596 -31.596
-31.596 -31.596
-31.596 -31.596
-31.596 -31.596
-31.596 -31.596
-31.596 -31.596
-31.596 -31.596
-31.596 -31.596
-31.596 -31.596
-31.596 -31.596
-31.596 -31.596
-31.596 -31.596
-31.596 -31.596
-31.596 -31.596
-31.596 -31.596
-31.596 -31.596
-31.596 -31.596
-31.596 -31.596
-31.596 -31.596
-31.596 -31.596
-31.596 -31.596
-31.596 -31.596
-31.596 -31.596
-31.596 -31.596
-31.596 -31.596
-31.596 -31.596
-31.596 -31.596
-31.596 -31.596
-31.596 -31.596
-31.596 -31.596
-31.596 -31.596
-31.596 -31.596
-31.596 -31.596
-31.596 -31.596
-31.596 -31.596
-31.596 -31.596
-31.596 -31.596
-31.596 -31.596
-31.596 -31.596
-31.596 -31.596
-31.596 -31.596
-31.596 -31.596
-31.596 -31.596
-31.596 -31.596
-31.596 -31.596
-31.596 -31.596
-31.596 -31.596
-31.596 -31.596
-31.596 -31.596
-31.596 -31.596
-31.596 -31.596
-31.596 -31.596
-31.596 -31.596
-31.596 -31.596
-31.596 -31.596
-31.596 -31.596
-31.596 -31.596
-31.596 -31.596
-31.596 -31.596
-31.596 -31.596
-31.596 -31.596
-31.596 -31.596
-31.596 -31.596
-31.596 -31.596
-31.596 -31.596
-31.596 -31.596
-31.596 -31.596
-31.596 -31.596
-31.596 -31.596
-31.596 -31.596
-31.596 -31.596
-31.596 -31.596
-31.596 -31.596
-31.596 -31.596
-31.596 -31.596
-31.596 -31.596
-31.596 -31.596
-31.596 -31.596
-31.596 -31.596
-31.596 -31.596
-31.596 -31.596
-31.596 -31.596
-31.596 -31.596
-31.596 -31.596
-31.596 -31.596
-31.596 -31.596
-31.596 -31.596
-31.596 -31.596
-31.596 -31.596
-31.596 -31.596
-31.596 -31.596
-31.596 -31.596
-31.596 -31.596
-31.596 -31.596
-31.596 -31.596
-31.596 -31.596
-31.596 -31.596
-31.596 -31.596
-31.596 -31.596
-31.596 -31.596
-31.596 -31.596
-31.596 -31.596
-31.596 -31.596
-31.596 -31.596
-31.596 -31.596
-31.596 -31.596
-31.596 -31.596
-31.596 -31.596
-31.596 -31.596
-31.596 -31.596
-31.596 -31.596
-31.596 -31.596
-31.596 -31.596
-31.596 -31.596
-31.596 -31.596
-31.596 -31.596
-31.596 -31.596
-31.596 -31.596
-31.596 -31.596
-31.596 -31.596
-31.596 -31.596
-31.596 -31.596
-31.596 -31.596
-31.596 -31.596
-31.596 -31.596
-31.596 -31.596
-31.596 -31.596
-31.596 -31.596
-31.596 -31.596
-31.596 -31.596
-31.596 -31.596
-31.596 -31.596
-31.596 -31.596
-31.596 -31.596
-31.596 -31.596
-31.596 -31.596
-31.596 -31.596
-31.596 -31.596
-31.596 -31.596
-31.596 -31.596
-31.596 -31.596
-31.596 -31.596
-31.596 -31.596
-31.596 -31.596
-31.596 -31.596
-31.596 -31.596
-31.596 -31.596
-31.596 -31.596
-31.596 -31.596
-31.596 -31.596
-31.596 -31.596
-31.596 -31.596
-31.596 -31.596
-31.596 -31.596
-31.596 -31.596
-31.596 -31.596
-31.596 -31.596
-31.596 -31.596
-31.596 -31.596
-31.596 -31.596
-31.596 -31.596
-31.596 -31.596
-31.596 -31.596
-31.596 -31.596
-31.596 -31.596
-31.596 -31.596
-31.596 -31.596
-31.596 -31.596
-31.596 -31.596
-31.596 -31.596
-31.596 -31.596
-31.596 -31.596
-31.596 -31.596
-31.596 -31.596
-31.596 -31.596
-31.596 -31.596
-31.596 -31.596
-31.596 -31.596
-31.596 -31.596
-31.596 -31.596
-31.596 -31.596
-31.596 -31.596
-31.596 -31.596
-31.596 -31.596
-31.596 -31.596
-31.596 -31.596
-31.596 -31.596
-31.596 -31.596
-31.596 -31.596
-31.596 -31.596
-31.596 -31.596
-31.596 -31.596
-31.596 -31.596
-31.596 -31.596
-31.596 -31.596
-31.596 -31.596
-31.596 -31.596
-31.596 -31.596
-31.596 -31.596
-31.596 -31.596
-31.596 -31.596
-31.596 -31.596
-31.596 -31.596
-31.596 -31.596
-31.596 -31.596
-31.596 -31.596
-31.596 -31.596
-31.596 -31.596
-31.596 -31.596
-31.596 -31.596
-31.596 -31.596
-31.596 -31.596
-31.596 -31.596
-31.596 -31.596
-31.596 -31.596
-31.596 -31.596
-31.596 -31.596
-31.596 -31.596
-31.596 -31.596
-31.596 -31.596
-31.596 -31.596
-31.596 -31.596
-31.596 -31.596
-31.596 -31.596
-31.596 -31.596
-31.596 -31.596
-31.596 -31.596
-31.596 -31.596
-31.596 -31.596
-31.596 -31.596
-31.596 -31.596
-31.596 -31.596
-31.596 -31.596
-31.596 -31.596
-31.596 -31.596
-31.596 -31.596
-31.596 -31.596
-31.596 -31.596
-31.596 -31.596
-31.596 -31.596
-31.596 -31.596
-31.596 -31.596
-31.596 -31.596
-31.596 -31.596
-31.596 -31.596
-31.596 -31.596
-31.596 -31.596
-31.596 -31.596
-31.596 -31.596
-31.596 -31.596
-31.596 -31.596
-31.596 -31.596
-31.596 -31.596
-31.596 -31.596
-31.596 -31.596
-31.596 -31.596
-31.596 -31.596
-31.596 -31.596
-31.596 -31.596
-31.596 -31.596
-31.596 -31.596
-31.596 -31.596
-31.596 -31.596
-31.596 -31.596
-31.596 -31.596
-31.596 -31.596
-31.596 -31.596
-31.596 -31.596
-31.596 -31.596
-31.596 -31.596
-31.596 -31.596
-31.596 -31.596
-31.596 -31.596
-31.596 -31.596
-31.596 -31.596
-31.596 -31.596
-31.596 -31.596
-31.596 -31.596
-31.596 -31.596
-31.596 -31.596
-31.596 -31.596
-31.596 -31.596
-31.596 -31.596
-31.596 -31.596
-31.596 -31.596
-31.596 -31.596
-31.596 -31.596
-31.596 -31.596
-31.596 -31.596
-31.596 -31.596
-31.596 -31.596
-31.596 -31.596
-31.596 -31.596
-31.596 -31.596
-31.596 -31.596
-31.596 -31.596
-31.596 -31.596
-31.596 -31.596
-31.596 -31.596
-31.596 -31.596
-31.596 -31.596
-31.596 -31.596
-31.596 -31.596
-31.596 -31.596
-31.596 -31.596
-31.596 -31.596
-31.596 -31.596
-31.596 -31.596
-31.596 -31.596
-31.596 -31.596
-31.596 -31.596
-31.596 -31.596
-31.596 -31.596
-31.596 -31.596
-31.596 -31.596
-31.596 -31.596
-31.596 -31.596
-31.596 -31.596
-31.596 -31.596
-31.596 -31.596
-31.596 -31.596
-31.596 -31.596
-31.596 -31.596
-31.596 -31.596
-31.596 -31.596
-31.596 -31.596
-31.596 -31.596
-31.596 -31.596
-31.596 -31.596
-31.596 -31.596
-31.596 -31.596
-31.596 -31.596
-31.596 -31.596
-31.596 -31.596
-31.596 -31.596
-31.596 -31.596
-31.596 -31.596
-31.596 -31.596
-31.596 -31.596
-31.596 -31.596
-31.596 -31.596
-31.596 -31.596
-31.596 -31.596
-31.596 -31.596
-31.596 -31.596
-31.596 -31.596
-31.596 -31.596
-31.596 -31.596
-31.596 -31.596
-31.596 -31.596
-31.596 -31.596
-31.596 -31.596
-31.596 -31.596
-31.596 -31.596
-31.596 -31.596
-31.596 -31.596
-31.596 -31.596
-31.596 -31.596
-31.596 -31.596
-31.596 -31.596
-31.596 -31.596
-31.596 -31.596
-31.596 -31.596
-31.596 -31.596
-31.596 -31.596
-31.596 -31.596
-31.596 -31.596
-31.596 -31.596
-31.596 -31.596
-31.596 -31.596
-31.596 -31.596
-31.596 -31.596
-31.596 -31.596
-31.596 -31.596
-31.596 -31.596
-31.596 -31.596
-31.596 -31.596
-31.596 -31.596
-31.596 -31.596
-31.596 -31.596
-31.596 -31.596
-31.596 -31.596
-31.596 -31.596
-31.596 -31.596
-31.596 -31.596
-31.596 -31.596
-31.596 -31.596
-31.596 -31.596
-31.596 -31.596
-31.596 -31.596
-31.596 -31.596
-31.596 -31.596
-31.596 -31.596
-31.596 -31.596
-31.596 -31.596
-31.596 -31.596
-31.596 -31.596
-31.596 -31.596
-31.596 -31.596
-31.596 -31.596
-31.596 -31.596
-31.596 -31.596
-31.596 -31.596
-31.596 -31.596
-31.596 -31.596
-31.596 -31.596
-31.596 -31.596
-31.596 -31.596
-31.596 -31.596
-31.596 -31.596
-31.596 -31.596
-31.596 -31.596
-31.596 -31.596
-31.596 -31.596
-31.596 -31.596
-31.596 -31.596
-31.596 -31.596
-31.596 -31.596
-31.596 -31.596
-31.596 -31.596
-31.596 -31.596
-31.596 -31.596
-31.596 -31.596
-31.596 -31.596
-31.596 -31.596
-31.596 -31.596
-31.596 -31.596
-31.596 -31.596
-31.596 -31.596
-31.596 -31.596
-31.596 -31.596
-31.596 -31.596
-31.596 -31.596
-31.596 -31.596
-31.596 -31.596
-31.596 -31.596
-31.596 -31.596
-31.596 -31.596
-31.596 -31.596
-31.596 -31.596
-31.596 -31.596
-31.596 -31.596
-31.596 -31.596
-31.596 -31.596
-31.596 -31.596
-31.596 -31.596
-31.596 -31.596
-31.596 -31.596
-31.596 -31.596
-31.596 -31.596
-31.596 -31.596
-31.596 -31.596
-31.596 -31.596
-31.596 -31.596
-31.596 -31.596
-31.596 -31.596
-31.596 -31.596
-31.596 -31.596
-31.596 -31.596
-31.596 -31.596
-31.596 -31.596
-31.596 -31.596
-31.596 -31.596
-31.596 -31.596
-31.596 -31.596
-31.596 -31.596
-31.596 -31.596
-31.596 -31.596
-31.596 -31.596
-31.596 -31.596
-31.596 -31.596
-31.596 -31.596
-31.596 -31.596
-31.596 -31.596
-31.596 -31.596
-31.596 -31.596
-31.596 -31.596
-31.596 -31.596
-31.596 -31.596
-31.596 -31.596
-31.596 -31.596
-31.596 -31.596
-31.596 -31.596
-31.596 -31.596
-31.596 -31.596
-31.596 -31.596
-31.596 -31.596
-31.596 -31.596
-31.596 -31.596
-31.596 -31.596
-31.596 -31.596
-31.596 -31.596
-31.596 -31.596
-31.596 -31.596
-31.596 -31.596
-31.596 -31.596
-31.596 -31.596
-31.596 -31.596
-31.596 -31.596
-31.596 -31.596
-31.596 -31.596
-31.596 -31.596
-31.596 -31.596
-31.596 -31.596
-31.596 -31.596
-31.596 -31.596
-31.596 -31.596
-31.596 -31.596
-31.596 -31.596
-31.596 -31.596
-31.596 -31.596
-31.596 -31.596
-31.596 -31.596
-31.596 -31.596
-31.596 -31.596
-31.596 -31.596
-31.596 -31.596
-31.596 -31.596
-31.596 -31.596
-31.596 -31.596
-31.596 -31.596
-31.596 -31.596
-31.596 -31.596
-31.596 -31.596
-31.596 -31.596
-31.596 -31.596
-31.596 -31.596
-31.596 -31.596
-31.596 -31.596
-31.596 -31.596
-31.596 -31.596
-31.596 -31.596
-31.596 -31.596
-31.596 -31.596
-31.596 -31.596
-31.596 -31.596
-31.596 -31.596
-31.596 -31.596
-31.596 -31.596
-31.596 -31.596
-31.596 -31.596
-31.596 -31.596
-31.596 -31.596
-31.596 -31.596
-31.596 -31.596
-31.596 -31.596
-31.596 -31.596
-31.596 -31.596
-31.596 -31.596
-31.596 -31.596
-31.596 -31.596
-31.596 -31.596
-31.596 -31.596
-31.596 -31.596
-31.596 -31.596
-31.596 -31.596
-31.596 -31.596
-31.596 -31.596
-31.596 -31.596
-31.596 -31.596
-31.596 -31.596
-31.596 -31.596
-31.596 -31.596
-31.596 -31.596
-31.596 -31.596
-31.596 -31.596
-31.596 -31.596
-31.596 -31.596
-31.596 -31.596
-31.596 -31.596
-31.596 -31.596
-31.596 -31.596
-31.596 -31.596
-31.596 -31.596
-31.596 -31.596
-31.596 -31.596
-31.596 -31.596
-31.596 -31.596
-31.596 -31.596
-31.596 -31.596
-31.596 -31.596
-31.596 -31.596
-31.596 -31.596
-31.596 -31.596
-31.596 -31.596
-31.596 -31.596
-31.596 -31.596
-31.596 -31.596
-31.596 -31.596
-31.596 -31.596
-31.596 -31.596
-31.596 -31.596
-31.596 -31.596
-31.596 -31.596
-31.596 -31.596
-31.596 -31.596
-31.596 -31.596
-31.596 -31.596
-31.596 -31.596
-31.596 -31.596
-31.596 -31.596
-31.596 -31.596
-31.596 -31.596
-31.596 -31.596
-31.596 -31.596
-31.596 -31.596
-31.596 -31.596
-31.596 -31.596
-31.596 -31.596
-31.596 -31.596
-31.596 -31.596
-31.596 -31.596
-31.596 -31.596
-31.596 -31.596
-31.596 -31.596
-31.596 -31.596
-31.596 -31.596
-31.596 -31.596
-31.596 -31.596
-31.596 -31.596
-31.596 -31.596
-31.596 -31.596
-31.596 -31.596
-31.596 -31.596
-31.596 -31.596
-31.596 -31.596
-31.596 -31.596
-31.596 -31.596
-31.596 -31.596
-31.596 -31.596
-31.596 -31.596
-31.596 -31.596
-31.596 -31.596
-31.596 -31.596
-31.596 -31.596
-31.596 -31.596
-31.596 -31.596
-31.596 -31.596
-31.596 -31.596
-31.596 -31.596
-31.596 -31.596
-31.596 -31.596
-31.596 -31.596
-31.596 -31.596
-31.596 -31.596
-31.596 -31.596
-31.596 -31.596
-31.596 -31.596
-31.596 -31.596
-31.596 -31.596
-31.596 -31.596
-31.596 -31.596
-31.596 -31.596
-31.596 -31.596
-31.596 -31.596
-31.596 -31.596
-31.596 -31.596
-31.596 -31.596
-31.596 -31.596
-31.596 -31.596
-31.596 -31.596
-31.596 -31.596
-31.596 -31.596
-31.596 -31.596
-31.596 -31.596
-31.596 -31.596
-31.596 -31.596
-31.596 -31.596
-31.596 -31.596
-31.596 -31.596
-31.596 -31.596
-31.596 -31.596
-31.596 -31.596
-31.596 -31.596
-31.596 -31.596
-31.596 -31.596
-31.596 -31.596
-31.596 -31.596
-31.596 -31.596
-31.596 -31.596
-31.596 -31.596
-31.596 -31.596
-31.596 -31.596
-31.596 -31.596
-31.596 -31.596
-31.596 -31.596
-31.596 -31.596
-31.596 -31.596
-31.596 -31.596
-31.596 -31.596
-31.596 -31.596
-31.596 -31.596
-31.596 -31.596
-31.596 -31.596
-31.596 -31.596
-31.596 -31.596
-31.596 -31.596
-31.596 -31.596
-31.596 -31.596
-31.596 -31.596
-31.596 -31.596
-31.596 -31.596
-31.596 -31.596
-31.596 -31.596
-31.596 -31.596
-31.596 -31.596
-31.596 -31.596
-31.596 -31.596
-31.596 -31.596
-31.596 -31.596
-31.596 -31.596
-31.596 -31.596
-31.596 -31.596
-31.596 -31.596
-31.596 -31.596
-31.596 -31.596
-31.596 -31.596
-31.596 -31.596
-31.596 -31.596
-31.596 -31.596
-31.596 -31.596
-31.596 -31.596
-31.596 -31.596
-31.596 -31.596
-31.596 -31.596
-31.596 -31.596
-31.596 -31.596
-31.596 -31.596
-31.596 -31.596
-31.596 -31.596
-31.596 -31.596
-31.596 -31.596
-31.596 -31.596
-31.596 -31.596
-31.596 -31.596
-31.596 -31.596
-31.596 -31.596
-31.596 -31.596
-31.596 -31.596
-31.596 -31.596
-31.596 -31.596
-31.596 -31.596
-31.596 -31.596
-31.596 -31.596
-31.596 -31.596
-31.596 -31.596
-31.596 -31.596
-31.596 -31.596
-31.596 -31.596
-31.596 -31.596
-31.596 -31.596
-31.596 -31.596
-31.596 -31.596
-31.596 -31.596
-31.596 -31.596
-31.596 -31.596
-31.596 -31.596
-31.596 -31.596
-31.596 -31.596
-31.596 -31.596
-31.596 -31.596
-31.596 -31.596
-31.596 -31.596
-31.596 -31.596
-31.596 -31.596
-31.596 -31.596
-31.596 -31.596
-31.596 -31.596
-31.596 -31.596
-31.596 -31.596
-31.596 -31.596
-31.596 -31.596
-31.596 -31.596
-31.596 -31.596
-31.596 -31.596
-31.596 -31.596
-31.596 -31.596
-31.596 -31.596
-31.596 -31.596
-31.596 -31.596
-31.596 -31.596
-31.596 -31.596
-31.596 -31.596
-31.596 -31.596
-31.596 -31.596
-31.596 -31.596
-31.596 -31.596
-31.596 -31.596
-31.596 -31.596
-31.596 -31.596
-31.596 -31.596
-31.596 -31.596
-31.596 -31.596
-31.596 -31.596
-31.596 -31.596
-31.596 -31.596
-31.596 -31.596
-31.596 -31.596
-31.596 -31.596
-31.596 -31.596
-31.596 -31.596
-31.596 -31.596
-31.596 -31.596
-31.596 -31.596
-31.596 -31.596
-31.596 -31.596
-31.596 -31.596
-31.596 -31.596
-31.596 -31.596
-31.596 -31.596
-31.596 -31.596
-31.596 -31.596
-31.596 -31.596
-31.596 -31.596
-31.596 -31.596
-31.596 -31.596
-31.596 -31.596
-31.596 -31.596
-31.596 -31.596
-31.596 -31.596
-31.596 -31.596
-31.596 -31.596
-31.596 -31.596
-31.596 -31.596
-31.596 -31.596
-31.596 -31.596
-31.596 -31.596
-31.596 -31.596
-31.596 -31.596
-31.596 -31.596
-31.596 -31.596
-31.596 -31.596
-31.596 -31.596
-31.596 -31.596
-31.596 -31.596
-31.596 -31.596
-31.596 -31.596
-31.596 -31.596
-31.596 -31.596
-31.596 -31.596
-31.596 -31.596
-31.596 -31.596
-31.596 -31.596
-31.596 -31.596
-31.596 -31.596
-31.596 -31.596
-31.596 -31.596
-31.596 -31.596
-31.596 -31.596
-31.596 -31.596
-31.596 -31.596
-31.596 -31.596
-31.596 -31.596
-31.596 -31.596
-31.596 -31.596
-31.596 -31.596
-31.596 -31.596
-31.596 -31.596
-31.596 -31.596
-31.596 -31.596
-31.596 -31.596
-31.596 -31.596
-31.596 -31.596
-31.596 -31.596
-31.596 -31.596
-31.596 -31.596
-31.596 -31.596
-31.596 -31.596
-31.596 -31.596
-31.596 -31.596
-31.596 -31.596
-31.596 -31.596
-31.596 -31.596
-31.596 -31.596
-31.596 -31.596
-31.596 -31.596
-31.596 -31.596
-31.596 -31.596
-31.596 -31.596
-31.596 -31.596
-31.596 -31.596
-31.596 -31.596
-31.596 -31.596
-31.596 -31.596
-31.596 -31.596
-31.596 -31.596
-31.596 -31.596
-31.596 -31.596
-31.596 -31.596
-31.596 -31.596
-31.596 -31.596
-31.596 -31.596
-31.596 -31.596
-31.596 -31.596
-31.596 -31.596
-31.596 -31.596
-31.596 -31.596
-31.596 -31.596
-31.596 -31.596
-31.596 -31.596
-31.596 -31.596
-31.596 -31.596
-31.596 -31.596
-31.596 -31.596
-31.596 -31.596
-31.596 -31.596
-31.596 -31.596
-31.596 -31.596
-31.596 -31.596
-31.596 -31.596
-31.596 -31.596
-31.596 -31.596
-31.596 -31.596
-31.596 -31.596
-31.596 -31.596
-31.596 -31.596
-31.596 -31.596
-31.596 -31.596
-31.596 -31.596
-31.596 -31.596
-31.596 -31.596
-31.596 -31.596
-31.596 -31.596
-31.596 -31.596
-31.596 -31.596
-31.596 -31.596
-31.596 -31.596
-31.596 -31.596
-31.596 -31.596
-31.596 -31.596
-31.596 -31.596
-31.596 -31.596
-31.596 -31.596
-31.596 -31.596
-31.596 -31.596
-31.596 -31.596
-31.596 -31.596
-31.596 -31.596
-31.596 -31.596
-31.596 -31.596
-31.596 -31.596
-31.596 -31.596
-31.596 -31.596
-31.596 -31.596
-31.596 -31.596
-31.596 -31.596
-31.596 -31.596
-31.596 -31.596
-31.596 -31.596
-31.596 -31.596
-31.596 -31.596
-31.596 -31.596
-31.596 -31.596
-31.596 -31.596
-31.596 -31.596
-31.596 -31.596
-31.596 -31.596
-31.596 -31.596
-31.596 -31.596
-31.596 -31.596
-31.596 -31.596
-31.596 -31.596
-31.596 -31.596
-31.596 -31.596
-31.596 -31.596
-31.596 -31.596
-31.596 -31.596
-31.596 -31.596
-31.596 -31.596
-31.596 -31.596
-31.596 -31.596
-31.596 -31.596
-31.596 -31.596
-31.596 -31.596
-31.596 -31.596
-31.596 -31.596
-31.596 -31.596
-31.596 -31.596
-31.596 -31.596
-31.596 -31.596
-31.596 -31.596
-31.596 -31.596
-31.596 -31.596
-31.596 -31.596
-31.596 -31.596
-31.596 -31.596
-31.596 -31.596
-31.596 -31.596
-31.596 -31.596
-31.596 -31.596
-31.596 -31.596
-31.596 -31.596
-31.596 -31.596
-31.596 -31.596
-31.596 -31.596
-31.596 -31.596
-31.596 -31.596
-31.596 -31.596
-31.596 -31.596
-31.596 -31.596
-31.596 -31.596
-31.596 -31.596
-31.596 -31.596
-31.596 -31.596
-31.596 -31.596
-31.596 -31.596
-31.596 -31.596
-31.596 -31.596
-31.596 -31.596
-31.596 -31.596
-31.596 -31.596
-31.596 -31.596
-31.596 -31.596
-31.596 -31.596
-31.596 -31.596
-31.596 -31.596
-31.596 -31.596
-31.596 -31.596
-31.596 -31.596
-31.596 -31.596
-31.596 -31.596
-31.596 -31.596
-31.596 -31.596
-31.596 -31.596
-31.596 -31.596
-31.596 -31.596
-31.596 -31.596
-31.596 -31.596
-31.596 -31.596
-31.596 -31.596
-31.596 -31.596
-31.596 -31.596
-31.596 -31.596
-31.596 -31.596
-31.596 -31.596
-31.596 -31.596
-31.596 -31.596
-31.596 -31.596
-31.596 -31.596
-31.596 -31.596
-31.596 -31.596
-31.596 -31.596
-31.596 -31.596
-31.596 -31.596
-31.596 -31.596
-31.596 -31.596
-31.596 -31.596
-31.596 -31.596
-31.596 -31.596
-31.596 -31.596
-31.596 -31.596
-31.596 -31.596
-31.596 -31.596
-31.596 -31.596
-31.596 -31.596
-31.596 -31.596
-31.596 -31.596
-31.596 -31.596
-31.596 -31.596
-31.596 -31.596
-31.596 -31.596
-31.596 -31.596
-31.596 -31.596
-31.596 -31.596
-31.596 -31.596
-31.596 -31.596
-31.596 -31.596
-31.596 -31.596
-31.596 -31.596
-31.596 -31.596
-31.596 -31.596
-31.596 -31.596
-31.596 -31.596
-31.596 -31.596
-31.596 -31.596
-31.596 -31.596
-31.596 -31.596
-31.596 -31.596
-31.596 -31.596
-31.596 -31.596
-31.596 -31.596
-31.596 -31.596
-31.596 -31.596
-31.596 -31.596
-31.596 -31.596
-31.596 -31.596
-31.596 -31.596
-31.596 -31.596
-31.596 -31.596
-31.596 -31.596
-31.596 -31.596
-31.596 -31.596
-31.596 -31.596
-31.596 -31.596
-31.596 -31.596
-31.596 -31.596
-31.596 -31.596
-31.596 -31.596
-31.596 -31.596
-31.596 -31.596
-31.596 -31.596
-31.596 -31.596
-31.596 -31.596
-31.596 -31.596
-31.596 -31.596
-31.596 -31.596
-31.596 -31.596
-31.596 -31.596
-31.596 -31.596
-31.596 -31.596
-31.596 -31.596
-31.596 -31.596
-31.596 -31.596
-31.596 -31.596
-31.596 -31.596
-31.596 -31.596
-31.596 -31.596
-31.596 -31.596
-31.596 -31.596
-31.596 -31.596
-31.596 -31.596
-31.596 -31.596
-31.596 -31.596
-31.596 -31.596
-31.596 -31.596
-31.596 -31.596
-31.596 -31.596
-31.596 -31.596
-31.596 -31.596
-31.596 -31.596
-31.596 -31.596
-31.596 -31.596
-31.596 -31.596
-31.596 -31.596
-31.596 -31.596
-31.596 -31.596
-31.596 -31.596
-31.596 -31.596
-31.596 -31.596
-31.596 -31.596
-31.596 -31.596
-31.596 -31.596
-31.596 -31.596
-31.596 -31.596
-31.596 -31.596
-31.596 -31.596
-31.596 -31.596
-31.596 -31.596
-31.596 -31.596
-31.596 -31.596
-31.596 -31.596
-31.596 -31.596
-31.596 -31.596
-31.596 -31.596
-31.596 -31.596
-31.596 -31.596
-31.596 -31.596
-31.596 -31.596
-31.596 -31.596
-31.596 -31.596
-31.596 -31.596
-31.596 -31.596
-31.596 -31.596
-31.596 -31.596
-31.596 -31.596
-31.596 -31.596
-31.596 -31.596
-31.596 -31.596
-31.596 -31.596
-31.596 -31.596
-31.596 -31.596
-31.596 -31.596
-31.596 -31.596
-31.596 -31.596
-31.596 -31.596
-31.596 -31.596
-31.596 -31.596
-31.596 -31.596
-31.596 -31.596
-31.596 -31.596
-31.596 -31.596
-31.596 -31.596
-31.596 -31.596
-31.596 -31.596
-31.596 -31.596
-31.596 -31.596
-31.596 -31.596
-31.596 -31.596
-31.596 -31.596
-31.596 -31.596
-31.596 -31.596
-31.596 -31.596
-31.596 -31.596
-31.596 -31.596
-31.596 -31.596
-31.596 -31.596
-31.596 -31.596
-31.596 -31.596
-31.596 -31.596
-31.596 -31.596
-31.596 -31.596
-31.596 -31.596
-31.596 -31.596
-31.596 -31.596
-31.596 -31.596
-31.596 -31.596
-31.596 -31.596
-31.596 -31.596
-31.596 -31.596
-31.596 -31.596
-31.596 -31.596
-31.596 -31.596
-31.596 -31.596
-31.596 -31.596
-31.596 -31.596
-31.596 -31.596
-31.596 -31.596
-31.596 -31.596
-31.596 -31.596
-31.596 -31.596
-31.596 -31.596
-31.596 -31.596
-31.596 -31.596
-31.596 -31.596
-31.596 -31.596
-31.596 -31.596
-31.596 -31.596
-31.596 -31.596
-31.596 -31.596
-31.596 -31.596
-31.596 -31.596
-31.596 -31.596
-31.596 -31.596
-31.596 -31.596
-31.596 -31.596
-31.596 -31.596
-31.596 -31.596
-31.596 -31.596
-31.596 -31.596
-31.596 -31.596
-31.596 -31.596
-31.596 -31.596
-31.596 -31.596
-31.596 -31.596
-31.596 -31.596
-31.596 -31.596
-31.596 -31.596
-31.596 -31.596
-31.596 -31.596
-31.596 -31.596
-31.596 -31.596
-31.596 -31.596
-31.596 -31.596
-31.596 -31.596
-31.596 -31.596
-31.596 -31.596
-31.596 -31.596
-31.596 -31.596
-31.596 -31.596
-31.596 -31.596
-31.596 -31.596
-31.596 -31.596
-31.596 -31.596
-31.596 -31.596
-31.596 -31.596
-31.596 -31.596
-31.596 -31.596
-31.596 -31.596
-31.596 -31.596
-31.596 -31.596
-31.596 -31.596
-31.596 -31.596
-31.596 -31.596
-31.596 -31.596
-31.596 -31.596
-31.596 -31.596
-31.596 -31.596
-31.596 -31.596
-31.596 -31.596
-31.596 -31.596
-31.596 -31.596
-31.596 -31.596
-31.596 -31.596
-31.596 -31.596
-31.596 -31.596
-31.596 -31.596
-31.596 -31.596
-31.596 -31.596
-31.596 -31.596
-31.596 -31.596
-31.596 -31.596
-31.596 -31.596
-31.596 -31.596
-31.596 -31.596
-31.596 -31.596
-31.596 -31.596
-31.596 -31.596
-31.596 -31.596
-31.596 -31.596
-31.596 -31.596
-31.596 -31.596
-31.596 -31.596
-31.596 -31.596
-31.596 -31.596
-31.596 -31.596
-31.596 -31.596
-31.596 -31.596
-31.596 -31.596
-31.596 -31.596
-31.596 -31.596
-31.596 -31.596
-31.596 -31.596
-31.596 -31.596
-31.596 -31.596
-31.596 -31.596
-31.596 -31.596
-31.596 -31.596
-31.596 -31.596
-31.596 -31.596
-31.596 -31.596
-31.596 -31.596
-31.596 -31.596
-31.596 -31.596
-31.596 -31.596
-31.596 -31.596
-31.596 -31.596
-31.596 -31.596
-31.596 -31.596
-31.596 -31.596
-31.596 -31.596
-31.596 -31.596
-31.596 -31.596
-31.596 -31.596
-31.596 -31.596
-31.596 -31.596
-31.596 -31.596
-31.596 -31.596
-31.596 -31.596
-31.596 -31.596
-31.596 -31.596
-31.596 -31.596
-31.596 -31.596
-31.596 -31.596
-31.596 -31.596
-31.596 -31.596
-31.596 -31.596
-31.596 -31.596
-31.596 -31.596
-31.596 -31.596
-31.596 -31.596
-31.596 -31.596
-31.596 -31.596
-31.596 -31.596
-31.596 -31.596
-31.596 -31.596
-31.596 -31.596
-31.596 -31.596
-31.596 -31.596
-31.596 -31.596
-31.596 -31.596
-31.596 -31.596
-31.596 -31.596
-31.596 -31.596
-31.596 -31.596
-31.596 -31.596
-31.596 -31.596
-31.596 -31.596
-31.596 -31.596
-31.596 -31.596
-31.596 -31.596
-31.596 -31.596
-31.596 -31.596
-31.596 -31.596
-31.596 -31.596
-31.596 -31.596
-31.596 -31.596
-31.596 -31.596
-31.596 -31.596
-31.596 -31.596
-31.596 -31.596
-31.596 -31.596
-31.596 -31.596
-31.596 -31.596
-31.596 -31.596
-31.596 -31.596
-31.596 -31.596
-31.596 -31.596
-31.596 -31.596
-31.596 -31.596
-31.596 -31.596
-31.596 -31.596
-31.596 -31.596
-31.596 -31.596
-31.596 -31.596
-31.596 -31.596
-31.596 -31.596
-31.596 -31.596
-31.596 -31.596
-31.596 -31.596
-31.596 -31.596
-31.596 -31.596
-31.596 -31.596
-31.596 -31.596
-31.596 -31.596
-31.596 -31.596
-31.596 -31.596
-31.596 -31.596
-31.596 -31.596
-31.596 -31.596
-31.596 -31.596
-31.596 -31.596
-31.596 -31.596
-31.596 -31.596
-31.596 -31.596
-31.596 -31.596
-31.596 -31.596
-31.596 -31.596
-31.596 -31.596
-31.596 -31.596
-31.596 -31.596
-31.596 -31.596
-31.596 -31.596
-31.596 -31.596
-31.596 -31.596
-31.596 -31.596
-31.596 -31.596
-31.596 -31.596
-31.596 -31.596
-31.596 -31.596
-31.596 -31.596
-31.596 -31.596
-31.596 -31.596
-31.596 -31.596
-31.596 -31.596
-31.596 -31.596
-31.596 -31.596
-31.596 -31.596
-31.596 -31.596
-31.596 -31.596
-31.596 -31.596
-31.596 -31.596
-31.596 -31.596
-31.596 -31.596
-31.596 -31.596
-31.596 -31.596
-31.596 -31.596
-31.596 -31.596
-31.596 -31.596
-31.596 -31.596
-31.596 -31.596
-31.596 -31.596
-31.596 -31.596
-31.596 -31.596
-31.596 -31.596
-31.596 -31.596
-31.596 -31.596
-31.596 -31.596
-31.596 -31.596
-31.596 -31.596
-31.596 -31.596
-31.596 -31.596
-31.596 -31.596
-31.596 -31.596
-31.596 -31.596
-31.596 -31.596
-31.596 -31.596
-31.596 -31.596
-31.596 -31.596
-31.596 -31.596
-31.596 -31.596
-31.596 -31.596
-31.596 -31.596
-31.596 -31.596
-31.596 -31.596
-31.596 -31.596
-31.596 -31.596
-31.596 -31.596
-31.596 -31.596
-31.596 -31.596
-31.596 -31.596
-31.596 -31.596
-31.596 -31.596
-31.596 -31.596
-31.596 -31.596
-31.596 -31.596
-31.596 -31.596
-31.596 -31.596
-31.596 -31.596
-31.596 -31.596
-31.596 -31.596
-31.596 -31.596
-31.596 -31.596
-31.596 -31.596
-31.596 -31.596
-31.596 -31.596
-31.596 -31.596
-31.596 -31.596
-31.596 -31.596
-31.596 -31.596
-31.596 -31.596
-31.596 -31.596
-31.596 -31.596
-31.596 -31.596
-31.596 -31.596
-31.596 -31.596
-31.596 -31.596
-31.596 -31.596
-31.596 -31.596
-31.596 -31.596
-31.596 -31.596
-31.596 -31.596
-31.596 -31.596
-31.596 -31.596
-31.596 -31.596
-31.596 -31.596
-31.596 -31.596
-31.596 -31.596
-31.596 -31.596
-31.596 -31.596
-31.596 -31.596
-31.596 -31.596
-31.596 -31.596
-31.596 -31.596
-31.596 -31.596
-31.596 -31.596
-31.596 -31.596
-31.596 -31.596
-31.596 -31.596
-31.596 -31.596
-31.596 -31.596
-31.596 -31.596
-31.596 -31.596
-31.596 -31.596
-31.596 -31.596
-31.596 -31.596
-31.596 -31.596
-31.596 -31.596
-31.596 -31.596
-31.596 -31.596
-31.596 -31.596
-31.596 -31.596
-31.596 -31.596
-31.596 -31.596
-31.596 -31.596
-31.596 -31.596
-31.596 -31.596
-31.596 -31.596
-31.596 -31.596
-31.596 -31.596
-31.596 -31.596
-31.596 -31.596
-31.596 -31.596
-31.596 -31.596
-31.596 -31.596
-31.596 -31.596
-31.596 -31.596
-31.596 -31.596
-31.596 -31.596
-31.596 -31.596
-31.596 -31.596
-31.596 -31.596
-31.596 -31.596
-31.596 -31.596
-31.596 -31.596
-31.596 -31.596
-31.596 -31.596
-31.596 -31.596
-31.596 -31.596
-31.596 -31.596
-31.596 -31.596
-31.596 -31.596
-31.596 -31.596
-31.596 -31.596
-31.596 -31.596
-31.596 -31.596
-31.596 -31.596
-31.596 -31.596
-31.596 -31.596
-31.596 -31.596
-31.596 -31.596
-31.596 -31.596
-31.596 -31.596
-31.596 -31.596
-31.596 -31.596
-31.596 -31.596
-31.596 -31.596
-31.596 -31.596
-31.596 -31.596
-31.596 -31.596
-31.596 -31.596
-31.596 -31.596
-31.596 -31.596
-31.596 -31.596
-31.596 -31.596
-31.596 -31.596
-31.596 -31.596
-31.596 -31.596
-31.596 -31.596
-31.596 -31.596
-31.596 -31.596
-31.596 -31.596
-31.596 -31.596
-31.596 -31.596
-31.596 -31.596
-31.596 -31.596
-31.596 -31.596
-31.596 -31.596
-31.596 -31.596
-31.596 -31.596
-31.596 -31.596
-31.596 -31.596
-31.596 -31.596
-31.596 -31.596
-31.596 -31.596
-31.596 -31.596
-31.596 -31.596
-31.596 -31.596
-31.596 -31.596
-31.596 -31.596
-31.596 -31.596
-31.596 -31.596
-31.596 -31.596
-31.596 -31.596
-31.596 -31.596
-31.596 -31.596
-31.596 -31.596
-31.596 -31.596
-31.596 -31.596
-31.596 -31.596
-31.596 -31.596
-31.596 -31.596
-31.596 -31.596
-31.596 -31.596
-31.596 -31.596
-31.596 -31.596
-31.596 -31.596
-31.596 -31.596
-31.596 -31.596
-31.596 -31.596
-31.596 -31.596
-31.596 -31.596
-31.596 -31.596
-31.596 -31.596
-31.596 -31.596
-31.596 -31.596
-31.596 -31.596
-31.596 -31.596
-31.596 -31.596
-31.596 -31.596
-31.596 -31.596
-31.596 -31.596
-31.596 -31.596
-31.596 -31.596
-31.596 -31.596
-31.596 -31.596
-31.596 -31.596
-31.596 -31.596
-31.596 -31.596
-31.596 -31.596
-31.596 -31.596
-31.596 -31.596
-31.596 -31.596
-31.596 -31.596
-31.596 -31.596
-31.596 -31.596
-31.596 -31.596
-31.596 -31.596
-31.596 -31.596
-31.596 -31.596
-31.596 -31.596
-31.596 -31.596
-31.596 -31.596
-31.596 -31.596
-31.596 -31.596
-31.596 -31.596
-31.596 -31.596
-31.596 -31.596
-31.596 -31.596
-31.596 -31.596
-31.596 -31.596
-31.596 -31.596
-31.596 -31.596
-31.596 -31.596
-31.596 -31.596
-31.596 -31.596
-31.596 -31.596
-31.596 -31.596
-31.596 -31.596
-31.596 -31.596
-31.596 -31.596
-31.596 -31.596
-31.596 -31.596
-31.596 -31.596
-31.596 -31.596
-31.596 -31.596
-31.596 -31.596
-31.596 -31.596
-31.596 -31.596
-31.596 -31.596
-31.596 -31.596
-31.596 -31.596
-31.596 -31.596
-31.596 -31.596
-31.596 -31.596
-31.596 -31.596
-31.596 -31.596
-31.596 -31.596
-31.596 -31.596
-31.596 -31.596
-31.596 -31.596
-31.596 -31.596
-31.596 -31.596
-31.596 -31.596
-31.596 -31.596
-31.596 -31.596
-31.596 -31.596
-31.596 -31.596
-31.596 -31.596
-31.596 -31.596
-31.596 -31.596
-31.596 -31.596
-31.596 -31.596
-31.596 -31.596
-31.596 -31.596
-31.596 -31.596
-31.596 -31.596
-31.596 -31.596
-31.596 -31.596
-31.596 -31.596
-31.596 -31.596
-31.596 -31.596
-31.596 -31.596
-31.596 -31.596
-31.596 -31.596
-31.596 -31.596
-31.596 -31.596
-31.596 -31.596
-31.596 -31.596
-31.596 -31.596
-31.596 -31.596
-31.596 -31.596
-31.596 -31.596
-31.596 -31.596
-31.596 -31.596
-31.596 -31.596
-31.596 -31.596
-31.596 -31.596
-31.596 -31.596
-31.596 -31.596
-31.596 -31.596
-31.596 -31.596
-31.596 -31.596
-31.596 -31.596
-31.596 -31.596
-31.596 -31.596
-31.596 -31.596
-31.596 -31.596
-31.596 -31.596
-31.596 -31.596
-31.596 -31.596
-31.596 -31.596
-31.596 -31.596
-31.596 -31.596
-31.596 -31.596
-31.596 -31.596
-31.596 -31.596
-31.596 -31.596
-31.596 -31.596
-31.596 -31.596
-31.596 -31.596
-31.596 -31.596
-31.596 -31.596
-31.596 -31.596
-31.596 -31.596
-31.596 -31.596
-31.596 -31.596
-31.596 -31.596
-31.596 -31.596
-31.596 -31.596
-31.596 -31.596
-31.596 -31.596
-31.596 -31.596
-31.596 -31.596
-31.596 -31.596
-31.596 -31.596
-31.596 -31.596
-31.596 -31.596
-31.596 -31.596
-31.596 -31.596
-31.596 -31.596
-31.596 -31.596
-31.596 -31.596
-31.596 -31.596
-31.596 -31.596
-31.596 -31.596
-31.596 -31.596
-31.596 -31.596
-31.596 -31.596
-31.596 -31.596
-31.596 -31.596
-31.596 -31.596
-31.596 -31.596
-31.596 -31.596
-31.596 -31.596
-31.596 -31.596
-31.596 -31.596
-31.596 -31.596
-31.596 -31.596
-31.596 -31.596
-31.596 -31.596
-31.596 -31.596
-31.596 -31.596
-31.596 -31.596
-31.596 -31.596
-31.596 -31.596
-31.596 -31.596
-31.596 -31.596
-31.596 -31.596
-31.596 -31.596
-31.596 -31.596
-31.596 -31.596
-31.596 -31.596
-31.596 -31.596
-31.596 -31.596
-31.596 -31.596
-31.596 -31.596
-31.596 -31.596
-31.596 -31.596
-31.596 -31.596
-31.596 -31.596
-31.596 -31.596
-31.596 -31.596
-31.596 -31.596
-31.596 -31.596
-31.596 -31.596
-31.596 -31.596
-31.596 -31.596
-31.596 -31.596
-31.596 -31.596
-31.596 -31.596
-31.596 -31.596
-31.596 -31.596
-31.596 -31.596
-31.596 -31.596
-31.596 -31.596
-31.596 -31.596
-31.596 -31.596
-31.596 -31.596
-31.596 -31.596
-31.596 -31.596
-31.596 -31.596
-31.596 -31.596
-31.596 -31.596
-31.596 -31.596
-31.596 -31.596
-31.596 -31.596
-31.596 -31.596
-31.596 -31.596
-31.596 -31.596
-31.596 -31.596
-31.596 -31.596
-31.596 -31.596
-31.596 -31.596
-31.596 -31.596
-31.596 -31.596
-31.596 -31.596
-31.596 -31.596
-31.596 -31.596
-31.596 -31.596
-31.596 -31.596
-31.596 -31.596
-31.596 -31.596
-31.596 -31.596
-31.596 -31.596
-31.596 -31.596
-31.596 -31.596
-31.596 -31.596
-31.596 -31.596
-31.596 -31.596
-31.596 -31.596
-31.596 -31.596
-31.596 -31.596
-31.596 -31.596
-31.596 -31.596
-31.596 -31.596
-31.596 -31.596
-31.596 -31.596
-31.596 -31.596
-31.596 -31.596
-31.596 -31.596
-31.596 -31.596
-31.596 -31.596
-31.596 -31.596
-31.596 -31.596
-31.596 -31.596
-31.596 -31.596
-31.596 -31.596
-31.596 -31.596
-31.596 -31.596
-31.596 -31.596
-31.596 -31.596
-31.596 -31.596
-31.596 -31.596
-31.596 -31.596
-31.596 -31.596
-31.596 -31.596
-31.596 -31.596
-31.596 -31.596
-31.596 -31.596
-31.596 -31.596
-31.596 -31.596
-31.596 -31.596
-31.596 -31.596
-31.596 -31.596
-31.596 -31.596
-31.596 -31.596
-31.596 -31.596
-31.596 -31.596
-31.596 -31.596
-31.596 -31.596
-31.596 -31.596
-31.596 -31.596
-31.596 -31.596
-31.596 -31.596
-31.596 -31.596
-31.596 -31.596
-31.596 -31.596
-31.596 -31.596
-31.596 -31.596
-31.596 -31.596
-31.596 -31.596
-31.596 -31.596
-31.596 -31.596
-31.596 -31.596
-31.596 -31.596
-31.596 -31.596
-31.596 -31.596
-31.596 -31.596
-31.596 -31.596
-31.596 -31.596
-31.596 -31.596
-31.596 -31.596
-31.596 -31.596
-31.596 -31.596
-31.596 -31.596
-31.596 -31.596
-31.596 -31.596
-31.596 -31.596
-31.596 -31.596
-31.596 -31.596
-31.596 -31.596
-31.596 -31.596
-31.596 -31.596
-31.596 -31.596
-31.596 -31.596
-31.596 -31.596
-31.596 -31.596
-31.596 -31.596
-31.596 -31.596
-31.596 -31.596
-31.596 -31.596
-31.596 -31.596
-31.596 -31.596
-31.596 -31.596
-31.596 -31.596
-31.596 -31.596
-31.596 -31.596
-31.596 -31.596
-31.596 -31.596
-31.596 -31.596
-31.596 -31.596
-31.596 -31.596
-31.596 -31.596
-31.596 -31.596
-31.596 -31.596
-31.596 -31.596
-31.596 -31.596
-31.596 -31.596
-31.596 -31.596
-31.596 -31.596
-31.596 -31.596
-31.596 -31.596
-31.596 -31.596
-31.596 -31.596
-31.596 -31.596
-31.596 -31.596
-31.596 -31.596
-31.596 -31.596
-31.596 -31.596
-31.596 -31.596
-31.596 -31.596
-31.596 -31.596
-31.596 -31.596
-31.596 -31.596
-31.596 -31.596
-31.596 -31.596
-31.596 -31.596
-31.596 -31.596
-31.596 -31.596
-31.596 -31.596
-31.596 -31.596
-31.596 -31.596
-31.596 -31.596
-31.596 -31.596
-31.596 -31.596
-31.596 -31.596
-31.596 -31.596
-31.596 -31.596
-31.596 -31.596
-31.596 -31.596
-31.596 -31.596
-31.596 -31.596
-31.596 -31.596
-31.596 -31.596
-31.596 -31.596
-31.596 -31.596
-31.596 -31.596
-31.596 -31.596
-31.596 -31.596
-31.596 -31.596
-31.596 -31.596
-31.596 -31.596
-31.596 -31.596
-31.596 -31.596
-31.596 -31.596
-31.596 -31.596
-31.596 -31.596
-31.596 -31.596
-31.596 -31.596
-31.596 -31.596
-31.596 -31.596
-31.596 -31.596
-31.596 -31.596
-31.596 -31.596
-31.596 -31.596
-31.596 -31.596
-31.596 -31.596
-31.596 -31.596
-31.596 -31.596
-31.596 -31.596
-31.596 -31.596
-31.596 -31.596
-31.596 -31.596
-31.596 -31.596
-31.596 -31.596
-31.596 -31.596
-31.596 -31.596
-31.596 -31.596
-31.596 -31.596
-31.596 -31.596
-31.596 -31.596
-31.596 -31.596
-31.596 -31.596
-31.596 -31.596
-31.596 -31.596
-31.596 -31.596
-31.596 -31.596
-31.596 -31.596
-31.596 -31.596
-31.596 -31.596
-31.596 -31.596
-31.596 -31.596
-31.596 -31.596
-31.596 -31.596
-31.596 -31.596
-31.596 -31.596
-31.596 -31.596
-31.596 -31.596
-31.596 -31.596
-31.596 -31.596
-31.596 -31.596
-31.596 -31.596
-31.596 -31.596
-31.596 -31.596
-31.596 -31.596
-31.596 -31.596
-31.596 -31.596
-31.596 -31.596
-31.596 -31.596
-31.596 -31.596
-31.596 -31.596
-31.596 -31.596
-31.596 -31.596
-31.596 -31.596
-31.596 -31.596
-31.596 -31.596
-31.596 -31.596
-31.596 -31.596
-31.596 -31.596
-31.596 -31.596
-31.596 -31.596
-31.596 -31.596
-31.596 -31.596
-31.596 -31.596
-31.596 -31.596
-31.596 -31.596
-31.596 -31.596
-31.596 -31.596
-31.596 -31.596
-31.596 -31.596
-31.596 -31.596
-31.596 -31.596
-31.596 -31.596
-31.596 -31.596
-31.596 -31.596
-31.596 -31.596
-31.596 -31.596
-31.596 -31.596
-31.596 -31.596
-31.596 -31.596
-31.596 -31.596
-31.596 -31.596
-31.596 -31.596
-31.596 -31.596
-31.596 -31.596
-31.596 -31.596
-31.596 -31.596
-31.596 -31.596
-31.596 -31.596
-31.596 -31.596
-31.596 -31.596
-31.596 -31.596
-31.596 -31.596
-31.596 -31.596
-31.596 -31.596
-31.596 -31.596
-31.596 -31.596
-31.596 -31.596
-31.596 -31.596
-31.596 -31.596
-31.596 -31.596
-31.596 -31.596
-31.596 -31.596
-31.596 -31.596
-31.596 -31.596
-31.596 -31.596
-31.596 -31.596
-31.596 -31.596
-31.596 -31.596
-31.596 -31.596
-31.596 -31.596
-31.596 -31.596
-31.596 -31.596
-31.596 -31.596
-31.596 -31.596
-31.596 -31.596
-31.596 -31.596
-31.596 -31.596
-31.596 -31.596
-31.596 -31.596
-31.596 -31.596
-31.596 -31.596
-31.596 -31.596
-31.596 -31.596
-31.596 -31.596
-31.596 -31.596
-31.596 -31.596
-31.596 -31.596
-31.596 -31.596
-31.596 -31.596
-31.596 -31.596
-31.596 -31.596
-31.596 -31.596
-31.596 -31.596
-31.596 -31.596
-31.596 -31.596
-31.596 -31.596
-31.596 -31.596
-31.596 -31.596
-31.596 -31.596
-31.596 -31.596
-31.596 -31.596
-31.596 -31.596
-31.596 -31.596
-31.596 -31.596
-31.596 -31.596
-31.596 -31.596
-31.596 -31.596
-31.596 -31.596
-31.596 -31.596
-31.596 -31.596
-31.596 -31.596
-31.596 -31.596
-31.596 -31.596
-31.596 -31.596
-31.596 -31.596
-31.596 -31.596
-31.596 -31.596
-31.596 -31.596
-31.596 -31.596
-31.596 -31.596
-31.596 -31.596
-31.596 -31.596
-31.596 -31.596
-31.596 -31.596
-31.596 -31.596
-31.596 -31.596
-31.596 -31.596
-31.596 -31.596
-31.596 -31.596
-31.596 -31.596
-31.596 -31.596
-31.596 -31.596
-31.596 -31.596
-31.596 -31.596
-31.596 -31.596
-31.596 -31.596
-31.596 -31.596
-31.596 -31.596
-31.596 -31.596
-31.596 -31.596
-31.596 -31.596
-31.596 -31.596
-31.596 -31.596
-31.596 -31.596
-31.596 -31.596
-31.596 -31.596
-31.596 -31.596
-31.596 -31.596
-31.596 -31.596
-31.596 -31.596
-31.596 -31.596
-31.596 -31.596
-31.596 -31.596
-31.596 -31.596
-31.596 -31.596
-31.596 -31.596
-31.596 -31.596
-31.596 -31.596
-31.596 -31.596
-31.596 -31.596
-31.596 -31.596
-31.596 -31.596
-31.596 -31.596
-31.596 -31.596
-31.596 -31.596
-31.596 -31.596
-31.596 -31.596
-31.596 -31.596
-31.596 -31.596
-31.596 -31.596
-31.596 -31.596
-31.596 -31.596
-31.596 -31.596
-31.596 -31.596
-31.596 -31.596
-31.596 -31.596
-31.596 -31.596
-31.596 -31.596
-31.596 -31.596
-31.596 -31.596
-31.596 -31.596
-31.596 -31.596
-31.596 -31.596
-31.596 -31.596
-31.596 -31.596
-31.596 -31.596
-31.596 -31.596
-31.596 -31.596
-31.596 -31.596
-31.596 -31.596
-31.596 -31.596
-31.596 -31.596
-31.596 -31.596
-31.596 -31.596
-31.596 -31.596
-31.596 -31.596
-31.596 -31.596
-31.596 -31.596
-31.596 -31.596
-31.596 -31.596
-31.596 -31.596
-31.596 -31.596
-31.596 -31.596
-31.596 -31.596
-31.596 -31.596
-31.596 -31.596
-31.596 -31.596
-31.596 -31.596
-31.596 -31.596
-31.596 -31.596
-31.596 -31.596
-31.596 -31.596
-31.596 -31.596
-31.596 -31.596
-31.596 -31.596
-31.596 -31.596
-31.596 -31.596
-31.596 -31.596
-31.596 -31.596
-31.596 -31.596
-31.596 -31.596
-31.596 -31.596
-31.596 -31.596
-31.596 -31.596
-31.596 -31.596
-31.596 -31.596
-31.596 -31.596
-31.596 -31.596
-31.596 -31.596
-31.596 -31.596
-31.596 -31.596
-31.596 -31.596
-31.596 -31.596
-31.596 -31.596
-31.596 -31.596
-31.596 -31.596
-31.596 -31.596
-31.596 -31.596
-31.596 -31.596
-31.596 -31.596
-31.596 -31.596
-31.596 -31.596
-31.596 -31.596
-31.596 -31.596
-31.596 -31.596
-31.596 -31.596
-31.596 -31.596
-31.596 -31.596
-31.596 -31.596
-31.596 -31.596
-31.596 -31.596
-31.596 -31.596
-31.596 -31.596
-31.596 -31.596
-31.596 -31.596
-31.596 -31.596
-31.596 -31.596
-31.596 -31.596
-31.596 -31.596
-31.596 -31.596
-31.596 -31.596
-31.596 -31.596
-31.596 -31.596
-31.596 -31.596
-31.596 -31.596
-31.596 -31.596
-31.596 -31.596
-31.596 -31.596
-31.596 -31.596
-31.596 -31.596
-31.596 -31.596
-31.596 -31.596
-31.596 -31.596
-31.596 -31.596
-31.596 -31.596
-31.596 -31.596
-31.596 -31.596
-31.596 -31.596
-31.596 -31.596
-31.596 -31.596
-31.596 -31.596
-31.596 -31.596
-31.596 -31.596
-31.596 -31.596
-31.596 -31.596
-31.596 -31.596
-31.596 -31.596
-31.596 -31.596
-31.596 -31.596
-31.596 -31.596
-31.596 -31.596
-31.596 -31.596
-31.596 -31.596
-31.596 -31.596
-31.596 -31.596
-31.596 -31.596
-31.596 -31.596
-31.596 -31.596
-31.596 -31.596
-31.596 -31.596
-31.596 -31.596
-31.596 -31.596
-31.596 -31.596
-31.596 -31.596
-31.596 -31.596
-31.596 -31.596
-31.596 -31.596
-31.596 -31.596
-31.596 -31.596
-31.596 -31.596
-31.596 -31.596
-31.596 -31.596
-31.596 -31.596
-31.596 -31.596
-31.596 -31.596
-31.596 -31.596
-31.596 -31.596
-31.596 -31.596
-31.596 -31.596
-31.596 -31.596
-31.596 -31.596
-31.596 -31.596
-31.596 -31.596
-31.596 -31.596
-31.596 -31.596
-31.596 -31.596
-31.596 -31.596
-31.596 -31.596
-31.596 -31.596
-31.596 -31.596
-31.596 -31.596
-31.596 -31.596
-31.596 -31.596
-31.596 -31.596
-31.596 -31.596
-31.596 -31.596
-31.596 -31.596
-31.596 -31.596
-31.596 -31.596
-31.596 -31.596
-31.596 -31.596
-31.596 -31.596
-31.596 -31.596
-31.596 -31.596
-31.596 -31.596
-31.596 -31.596
-31.596 -31.596
-31.596 -31.596
-31.596 -31.596
-31.596 -31.596
-31.596 -31.596
-31.596 -31.596
-31.596 -31.596
-31.596 -31.596
-31.596 -31.596
-31.596 -31.596
-31.596 -31.596
-31.596 -31.596
-31.596 -31.596
-31.596 -31.596
-31.596 -31.596
-31.596 -31.596
-31.596 -31.596
-31.596 -31.596
-31.596 -31.596
-31.596 -31.596
-31.596 -31.596
-31.596 -31.596
-31.596 -31.596
-31.596 -31.596
-31.596 -31.596
-31.596 -31.596
-31.596 -31.596
-31.596 -31.596
-31.596 -31.596
-31.596 -31.596
-31.596 -31.596
-31.596 -31.596
-31.596 -31.596
-31.596 -31.596
-31.596 -31.596
-31.596 -31.596
-31.596 -31.596
-31.596 -31.596
-31.596 -31.596
-31.596 -31.596
-31.596 -31.596
-31.596 -31.596
-31.596 -31.596
-31.596 -31.596
-31.596 -31.596
-31.596 -31.596
-31.596 -31.596
-31.596 -31.596
-31.596 -31.596
-31.596 -31.596
-31.596 -31.596
-31.596 -31.596
-31.596 -31.596
-31.596 -31.596
-31.596 -31.596
-31.596 -31.596
-31.596 -31.596
-31.596 -31.596
-31.596 -31.596
-31.596 -31.596
-31.596 -31.596
-31.596 -31.596
-31.596 -31.596
-31.596 -31.596
-31.596 -31.596
-31.596 -31.596
-31.596 -31.596
-31.596 -31.596
-31.596 -31.596
-31.596 -31.596
-31.596 -31.596
-31.596 -31.596
-31.596 -31.596
-31.596 -31.596
-31.596 -31.596
-31.596 -31.596
-31.596 -31.596
-31.596 -31.596
-31.596 -31.596
-31.596 -31.596
-31.596 -31.596
-31.596 -31.596
-31.596 -31.596
-31.596 -31.596
-31.596 -31.596
-31.596 -31.596
-31.596 -31.596
-31.596 -31.596
-31.596 -31.596
-31.596 -31.596
-31.596 -31.596
-31.596 -31.596
-31.596 -31.596
-31.596 -31.596
-31.596 -31.596
-31.596 -31.596
-31.596 -31.596
-31.596 -31.596
-31.596 -31.596
-31.596 -31.596
-31.596 -31.596
-31.596 -31.596
-31.596 -31.596
-31.596 -31.596
-31.596 -31.596
-31.596 -31.596
-31.596 -31.596
-31.596 -31.596
-31.596 -31.596
-31.596 -31.596
-31.596 -31.596
-31.596 -31.596
-31.596 -31.596
-31.596 -31.596
-31.596 -31.596
-31.596 -31.596
-31.596 -31.596
-31.596 -31.596
-31.596 -31.596
-31.596 -31.596
-31.596 -31.596
-31.596 -31.596
-31.596 -31.596
-31.596 -31.596
-31.596 -31.596
-31.596 -31.596
-31.596 -31.596
-31.596 -31.596
-31.596 -31.596
-31.596 -31.596
-31.596 -31.596
-31.596 -31.596
-31.596 -31.596
-31.596 -31.596
-31.596 -31.596
-31.596 -31.596
-31.596 -31.596
-31.596 -31.596
-31.596 -31.596
-31.596 -31.596
-31.596 -31.596
-31.596 -31.596
-31.596 -31.596
-31.596 -31.596
-31.596 -31.596
-31.596 -31.596
-31.596 -31.596
-31.596 -31.596
-31.596 -31.596
-31.596 -31.596
-31.596 -31.596
-31.596 -31.596
-31.596 -31.596
-31.596 -31.596
-31.596 -31.596
-31.596 -31.596
-31.596 -31.596
-31.596 -31.596
-31.596 -31.596
-31.596 -31.596
-31.596 -31.596
-31.596 -31.596
-31.596 -31.596
-31.596 -31.596
-31.596 -31.596
-31.596 -31.596
-31.596 -31.596
-31.596 -31.596
-31.596 -31.596
-31.596 -31.596
-31.596 -31.596
-31.596 -31.596
-31.596 -31.596
-31.596 -31.596
-31.596 -31.596
-31.596 -31.596
-31.596 -31.596
-31.596 -31.596
-31.596 -31.596
-31.596 -31.596
-31.596 -31.596
-31.596 -31.596
-31.596 -31.596
-31.596 -31.596
-31.596 -31.596
-31.596 -31.596
-31.596 -31.596
-31.596 -31.596
-31.596 -31.596
-31.596 -31.596
-31.596 -31.596
-31.596 -31.596
-31.596 -31.596
-31.596 -31.596
-31.596 -31.596
-31.596 -31.596
-31.596 -31.596
-31.596 -31.596
-31.596 -31.596
-31.596 -31.596
-31.596 -31.596
-31.596 -31.596
-31.596 -31.596
-31.596 -31.596
-31.596 -31.596
-31.596 -31.596
-31.596 -31.596
-31.596 -31.596
-31.596 -31.596
-31.596 -31.596
-31.596 -31.596
-31.596 -31.596
-31.596 -31.596
-31.596 -31.596
-31.596 -31.596
-31.596 -31.596
-31.596 -31.596
-31.596 -31.596
-31.596 -31.596
-31.596 -31.596
-31.596 -31.596
-31.596 -31.596
-31.596 -31.596
-31.596 -31.596
-31.596 -31.596
-31.596 -31.596
-31.596 -31.596
-31.596 -31.596
-31.596 -31.596
-31.596 -31.596
-31.596 -31.596
-31.596 -31.596
-31.596 -31.596
-31.596 -31.596
-31.596 -31.596
-31.596 -31.596
-31.596 -31.596
-31.596 -31.596
-31.596 -31.596
-31.596 -31.596
-31.596 -31.596
-31.596 -31.596
-31.596 -31.596
-31.596 -31.596
-31.596 -31.596
-31.596 -31.596
-31.596 -31.596
-31.596 -31.596
-31.596 -31.596
-31.596 -31.596
-31.596 -31.596
-31.596 -31.596
-31.596 -31.596
-31.596 -31.596
-31.596 -31.596
-31.596 -31.596
-31.596 -31.596
-31.596 -31.596
-31.596 -31.596
-31.596 -31.596
-31.596 -31.596
-31.596 -31.596
-31.596 -31.596
-31.596 -31.596
-31.596 -31.596
-31.596 -31.596
-31.596 -31.596
-31.596 -31.596
-31.596 -31.596
-31.596 -31.596
-31.596 -31.596
-31.596 -31.596
-31.596 -31.596
-31.596 -31.596
-31.596 -31.596
-31.596 -31.596
-31.596 -31.596
-31.596 -31.596
-31.596 -31.596
-31.596 -31.596
-31.596 -31.596
-31.596 -31.596
-31.596 -31.596
-31.596 -31.596
-31.596 -31.596
-31.596 -31.596
-31.596 -31.596
-31.596 -31.596
-31.596 -31.596
-31.596 -31.596
-31.596 -31.596
-31.596 -31.596
-31.596 -31.596
-31.596 -31.596
-31.596 -31.596
-31.596 -31.596
-31.596 -31.596
-31.596 -31.596
-31.596 -31.596
-31.596 -31.596
-31.596 -31.596
-31.596 -31.596
-31.596 -31.596
-31.596 -31.596
-31.596 -31.596
-31.596 -31.596
-31.596 -31.596
-31.596 -31.596
-31.596 -31.596
-31.596 -31.596
-31.596 -31.596
-31.596 -31.596
-31.596 -31.596
-31.596 -31.596
-31.596 -31.596
-31.596 -31.596
-31.596 -31.596
-31.596 -31.596
-31.596 -31.596
-31.596 -31.596
-31.596 -31.596
-31.596 -31.596
-31.596 -31.596
-31.596 -31.596
-31.596 -31.596
-31.596 -31.596
-31.596 -31.596
-31.596 -31.596
-31.596 -31.596
-31.596 -31.596
-31.596 -31.596
-31.596 -31.596
-31.596 -31.596
-31.596 -31.596
-31.596 -31.596
-31.596 -31.596
-31.596 -31.596
-31.596 -31.596
-31.596 -31.596
-31.596 -31.596
-31.596 -31.596
-31.596 -31.596
-31.596 -31.596
-31.596 -31.596
-31.596 -31.596
-31.596 -31.596
-31.596 -31.596
-31.596 -31.596
-31.596 -31.596
-31.596 -31.596
-31.596 -31.596
-31.596 -31.596
-31.596 -31.596
-31.596 -31.596
-31.596 -31.596
-31.596 -31.596
-31.596 -31.596
-31.596 -31.596
-31.596 -31.596
-31.596 -31.596
-31.596 -31.596
-31.596 -31.596
-31.596 -31.596
-31.596 -31.596
-31.596 -31.596
-31.596 -31.596
-31.596 -31.596
-31.596 -31.596
-31.596 -31.596
-31.596 -31.596
-31.596 -31.596
-31.596 -31.596
-31.596 -31.596
-31.596 -31.596
-31.596 -31.596
-31.596 -31.596
-31.596 -31.596
-31.596 -31.596
-31.596 -31.596
-31.596 -31.596
-31.596 -31.596
-31.596 -31.596
-31.596 -31.596
-31.596 -31.596
-31.596 -31.596
-31.596 -31.596
-31.596 -31.596
-31.596 -31.596
-31.596 -31.596
-31.596 -31.596
-31.596 -31.596
-31.596 -31.596
-31.596 -31.596
-31.596 -31.596
-31.596 -31.596
-31.596 -31.596
-31.596 -31.596
-31.596 -31.596
-31.596 -31.596
-31.596 -31.596
-31.596 -31.596
-31.596 -31.596
-31.596 -31.596
-31.596 -31.596
-31.596 -31.596
-31.596 -31.596
-31.596 -31.596
-31.596 -31.596
-31.596 -31.596
-31.596 -31.596
-31.596 -31.596
-31.596 -31.596
-31.596 -31.596
-31.596 -31.596
-31.596 -31.596
-31.596 -31.596
-31.596 -31.596
-31.596 -31.596
-31.596 -31.596
-31.596 -31.596
-31.596 -31.596
-31.596 -31.596
-31.596 -31.596
-31.596 -31.596
-31.596 -31.596
-31.596 -31.596
-31.596 -31.596
-31.596 -31.596
-31.596 -31.596
-31.596 -31.596
-31.596 -31.596
-31.596 -31.596
-31.596 -31.596
-31.596 -31.596
-31.596 -31.596
-31.596 -31.596
-31.596 -31.596
-31.596 -31.596
-31.596 -31.596
-31.596 -31.596
-31.596 -31.596
-31.596 -31.596
-31.596 -31.596
-31.596 -31.596
-31.596 -31.596
-31.596 -31.596
-31.596 -31.596
-31.596 -31.596
-31.596 -31.596
-31.596 -31.596
-31.596 -31.596
-31.596 -31.596
-31.596 -31.596
-31.596 -31.596
-31.596 -31.596
-31.596 -31.596
-31.596 -31.596
-31.596 -31.596
-31.596 -31.596
-31.596 -31.596
-31.596 -31.596
-31.596 -31.596
-31.596 -31.596
-31.596 -31.596
-31.596 -31.596
-31.596 -31.596
-31.596 -31.596
-31.596 -31.596
-31.596 -31.596
-31.596 -31.596
-31.596 -31.596
-31.596 -31.596
-31.596 -31.596
-31.596 -31.596
-31.596 -31.596
-31.596 -31.596
-31.596 -31.596
-31.596 -31.596
-31.596 -31.596
-31.596 -31.596
-31.596 -31.596
-31.596 -31.596
-31.596 -31.596
-31.596 -31.596
-31.596 -31.596
-31.596 -31.596
-31.596 -31.596
-31.596 -31.596
-31.596 -31.596
-31.596 -31.596
-31.596 -31.596
-31.596 -31.596
-31.596 -31.596
-31.596 -31.596
-31.596 -31.596
-31.596 -31.596
-31.596 -31.596
-31.596 -31.596
-31.596 -31.596
-31.596 -31.596
-31.596 -31.596
-31.596 -31.596
-31.596 -31.596
-31.596 -31.596
-31.596 -31.596
-31.596 -31.596
-31.596 -31.596
-31.596 -31.596
-31.596 -31.596
-31.596 -31.596
-31.596 -31.596
-31.596 -31.596
-31.596 -31.596
-31.596 -31.596
-31.596 -31.596
-31.596 -31.596
-31.596 -31.596
-31.596 -31.596
-31.596 -31.596
-31.596 -31.596
-31.596 -31.596
-31.596 -31.596
-31.596 -31.596
-31.596 -31.596
-31.596 -31.596
-31.596 -31.596
-31.596 -31.596
-31.596 -31.596
-31.596 -31.596
-31.596 -31.596
-31.596 -31.596
-31.596 -31.596
-31.596 -31.596
-31.596 -31.596
-31.596 -31.596
-31.596 -31.596
-31.596 -31.596
-31.596 -31.596
-31.596 -31.596
-31.596 -31.596
-31.596 -31.596
-31.596 -31.596
-31.596 -31.596
-31.596 -31.596
-31.596 -31.596
-31.596 -31.596
-31.596 -31.596
-31.596 -31.596
-31.596 -31.596
-31.596 -31.596
-31.596 -31.596
-31.596 -31.596
-31.596 -31.596
-31.596 -31.596
-31.596 -31.596
-31.596 -31.596
-31.596 -31.596
-31.596 -31.596
-31.596 -31.596
-31.596 -31.596
-31.596 -31.596
-31.596 -31.596
-31.596 -31.596
-31.596 -31.596
-31.596 -31.596
-31.596 -31.596
-31.596 -31.596
-31.596 -31.596
-31.596 -31.596
-31.596 -31.596
-31.596 -31.596
-31.596 -31.596
-31.596 -31.596
-31.596 -31.596
-31.596 -31.596
-31.596 -31.596
-31.596 -31.596
-31.596 -31.596
-31.596 -31.596
-31.596 -31.596
-31.596 -31.596
-31.596 -31.596
-31.596 -31.596
-31.596 -31.596
-31.596 -31.596
-31.596 -31.596
-31.596 -31.596
-31.596 -31.596
-31.596 -31.596
-31.596 -31.596
-31.596 -31.596
-31.596 -31.596
-31.596 -31.596
-31.596 -31.596
-31.596 -31.596
-31.596 -31.596
-31.596 -31.596
-31.596 -31.596
-31.596 -31.596
-31.596 -31.596
-31.596 -31.596
-31.596 -31.596
-31.596 -31.596
-31.596 -31.596
-31.596 -31.596
-31.596 -31.596
-31.596 -31.596
-31.596 -31.596
-31.596 -31.596
-31.596 -31.596
-31.596 -31.596
-31.596 -31.596
-31.596 -31.596
-31.596 -31.596
-31.596 -31.596
-31.596 -31.596
-31.596 -31.596
-31.596 -31.596
-31.596 -31.596
-31.596 -31.596
-31.596 -31.596
-31.596 -31.596
-31.596 -31.596
-31.596 -31.596
-31.596 -31.596
-31.596 -31.596
-31.596 -31.596
-31.596 -31.596
-31.596 -31.596
-31.596 -31.596
-31.596 -31.596
-31.596 -31.596
-31.596 -31.596
-31.596 -31.596
-31.596 -31.596
-31.596 -31.596
-31.596 -31.596
-31.596 -31.596
-31.596 -31.596
-31.596 -31.596
-31.596 -31.596
-31.596 -31.596
-31.596 -31.596
-31.596 -31.596
-31.596 -31.596
-31.596 -31.596
-31.596 -31.596
-31.596 -31.596
-31.596 -31.596
-31.596 -31.596
-31.596 -31.596
-31.596 -31.596
-31.596 -31.596
-31.596 -31.596
-31.596 -31.596
-31.596 -31.596
-31.596 -31.596
-31.596 -31.596
-31.596 -31.596
-31.596 -31.596
-31.596 -31.596
-31.596 -31.596
-31.596 -31.596
-31.596 -31.596
-31.596 -31.596
-31.596 -31.596
-31.596 -31.596
-31.596 -31.596
-31.596 -31.596
-31.596 -31.596
-31.596 -31.596
-31.596 -31.596
-31.596 -31.596
-31.596 -31.596
-31.596 -31.596
-31.596 -31.596
-31.596 -31.596
-31.596 -31.596
-31.596 -31.596
-31.596 -31.596
-31.596 -31.596
-31.596 -31.596
-31.596 -31.596
-31.596 -31.596
-31.596 -31.596
-31.596 -31.596
-31.596 -31.596
-31.596 -31.596
-31.596 -31.596
-31.596 -31.596
-31.596 -31.596
-31.596 -31.596
-31.596 -31.596
-31.596 -31.596
-31.596 -31.596
-31.596 -31.596
-31.596 -31.596
-31.596 -31.596
-31.596 -31.596
-31.596 -31.596
-31.596 -31.596
-31.596 -31.596
-31.596 -31.596
-31.596 -31.596
-31.596 -31.596
-31.596 -31.596
-31.596 -31.596
-31.596 -31.596
-31.596 -31.596
-31.596 -31.596
-31.596 -31.596
-31.596 -31.596
-31.596 -31.596
-31.596 -31.596
-31.596 -31.596
-31.596 -31.596
-31.596 -31.596
-31.596 -31.596
-31.596 -31.596
-31.596 -31.596
-31.596 -31.596
-31.596 -31.596
-31.596 -31.596
-31.596 -31.596
-31.596 -31.596
-31.596 -31.596
-31.596 -31.596
-31.596 -31.596
-31.596 -31.596
-31.596 -31.596
-31.596 -31.596
-31.596 -31.596
-31.596 -31.596
-31.596 -31.596
-31.596 -31.596
-31.596 -31.596
-31.596 -31.596
-31.596 -31.596
-31.596 -31.596
-31.596 -31.596
-31.596 -31.596
-31.596 -31.596
-31.596 -31.596
-31.596 -31.596
-31.596 -31.596
-31.596 -31.596
-31.596 -31.596
-31.596 -31.596
-31.596 -31.596
-31.596 -31.596
-31.596 -31.596
-31.596 -31.596
-31.596 -31.596
-31.596 -31.596
-31.596 -31.596
-31.596 -31.596
-31.596 -31.596
-31.596 -31.596
-31.596 -31.596
-31.596 -31.596
-31.596 -31.596
-31.596 -31.596
-31.596 -31.596
-31.596 -31.596
-31.596 -31.596
-31.596 -31.596
-31.596 -31.596
-31.596 -31.596
-31.596 -31.596
-31.596 -31.596
-31.596 -31.596
-31.596 -31.596
-31.596 -31.596
-31.596 -31.596
-31.596 -31.596
-31.596 -31.596
-31.596 -31.596
-31.596 -31.596
-31.596 -31.596
-31.596 -31.596
-31.596 -31.596
-31.596 -31.596
-31.596 -31.596
-31.596 -31.596
-31.596 -31.596
-31.596 -31.596
-31.596 -31.596
-31.596 -31.596
-31.596 -31.596
-31.596 -31.596
-31.596 -31.596
-31.596 -31.596
-31.596 -31.596
-31.596 -31.596
-31.596 -31.596
-31.596 -31.596
-31.596 -31.596
-31.596 -31.596
-31.596 -31.596
-31.596 -31.596
-31.596 -31.596
-31.596 -31.596
-31.596 -31.596
-31.596 -31.596
-31.596 -31.596
-31.596 -31.596
-31.596 -31.596
-31.596 -31.596
-31.596 -31.596
-31.596 -31.596
-31.596 -31.596
-31.596 -31.596
-31.596 -31.596
-31.596 -31.596
-31.596 -31.596
-31.596 -31.596
-31.596 -31.596
-31.596 -31.596
-31.596 -31.596
-31.596 -31.596
-31.596 -31.596
-31.596 -31.596
-31.596 -31.596
-31.596 -31.596
-31.596 -31.596
-31.596 -31.596
-31.596 -31.596
-31.596 -31.596
-31.596 -31.596
-31.596 -31.596
-31.596 -31.596
-31.596 -31.596
-31.596 -31.596
-31.596 -31.596
-31.596 -31.596
6.63931e-11 6.63931e-11
